0:0:0:0:0:0:0:1%0 -  -  [09/Aug/2012:21:19:42 +0000] "GET / HTTP/1.1" 404 1766 "-" "Mozilla/5.0 (Macintosh; Intel Mac OS X 10_7_4) AppleWebKit/536.11 (KHTML, like Gecko) Chrome/20.0.1132.57 Safari/536.11"
0:0:0:0:0:0:0:1%0 -  -  [09/Aug/2012:21:19:43 +0000] "GET /favicon.ico HTTP/1.1" 200 1150 "-" "Mozilla/5.0 (Macintosh; Intel Mac OS X 10_7_4) AppleWebKit/536.11 (KHTML, like Gecko) Chrome/20.0.1132.57 Safari/536.11"
0:0:0:0:0:0:0:1%0 -  -  [09/Aug/2012:21:19:58 +0000] "GET /test HTTP/1.1" 302 0 "-" "Mozilla/5.0 (Macintosh; Intel Mac OS X 10_7_4) AppleWebKit/536.11 (KHTML, like Gecko) Chrome/20.0.1132.57 Safari/536.11"
0:0:0:0:0:0:0:1%0 -  -  [09/Aug/2012:21:19:58 +0000] "GET /test/ HTTP/1.1" 200 1262 "-" "Mozilla/5.0 (Macintosh; Intel Mac OS X 10_7_4) AppleWebKit/536.11 (KHTML, like Gecko) Chrome/20.0.1132.57 Safari/536.11"
0:0:0:0:0:0:0:1%0 -  -  [09/Aug/2012:21:19:58 +0000] "GET /test/jetty_banner.gif HTTP/1.1" 200 47804 "http://localhost:8888/test/" "Mozilla/5.0 (Macintosh; Intel Mac OS X 10_7_4) AppleWebKit/536.11 (KHTML, like Gecko) Chrome/20.0.1132.57 Safari/536.11"
0:0:0:0:0:0:0:1%0 -  -  [09/Aug/2012:21:23:35 +0000] "GET /test/ HTTP/1.1" 304 0 "-" "Mozilla/5.0 (Macintosh; Intel Mac OS X 10_7_4) AppleWebKit/536.11 (KHTML, like Gecko) Chrome/20.0.1132.57 Safari/536.11"
0:0:0:0:0:0:0:1%0 -  -  [09/Aug/2012:21:23:35 +0000] "GET /test/jetty_banner.gif HTTP/1.1" 304 0 "http://localhost:8888/test/" "Mozilla/5.0 (Macintosh; Intel Mac OS X 10_7_4) AppleWebKit/536.11 (KHTML, like Gecko) Chrome/20.0.1132.57 Safari/536.11"
0:0:0:0:0:0:0:1%0 -  -  [09/Aug/2012:21:23:35 +0000] "GET /favicon.ico HTTP/1.1" 200 1150 "-" "Mozilla/5.0 (Macintosh; Intel Mac OS X 10_7_4) AppleWebKit/536.11 (KHTML, like Gecko) Chrome/20.0.1132.57 Safari/536.11"
0:0:0:0:0:0:0:1%0 -  -  [09/Aug/2012:21:23:43 +0000] "GET /newbillclient/billpay.html HTTP/1.1" 200 5056 "-" "Mozilla/5.0 (Macintosh; Intel Mac OS X 10_7_4) AppleWebKit/536.11 (KHTML, like Gecko) Chrome/20.0.1132.57 Safari/536.11"
0:0:0:0:0:0:0:1%0 -  -  [09/Aug/2012:21:23:43 +0000] "GET /newbillclient/style.css HTTP/1.1" 200 484 "http://localhost:8888/newbillclient/billpay.html" "Mozilla/5.0 (Macintosh; Intel Mac OS X 10_7_4) AppleWebKit/536.11 (KHTML, like Gecko) Chrome/20.0.1132.57 Safari/536.11"
0:0:0:0:0:0:0:1%0 -  -  [09/Aug/2012:21:24:17 +0000] "GET /newbillclient/billpay.html HTTP/1.1" 200 5056 "-" "Mozilla/5.0 (iPhone Simulator; U; CPU iPhone OS 4_3_2 like Mac OS X; en-us) AppleWebKit/533.17.9 (KHTML, like Gecko) Version/5.0.2 Mobile/8H7 Safari/6533.18.5"
0:0:0:0:0:0:0:1%0 -  -  [09/Aug/2012:21:24:17 +0000] "GET /newbillclient/style.css HTTP/1.1" 200 484 "http://localhost:8888/newbillclient/billpay.html" "Mozilla/5.0 (iPhone Simulator; U; CPU iPhone OS 4_3_2 like Mac OS X; en-us) AppleWebKit/533.17.9 (KHTML, like Gecko) Version/5.0.2 Mobile/8H7 Safari/6533.18.5"
0:0:0:0:0:0:0:1%0 -  -  [09/Aug/2012:21:30:44 +0000] "GET /newbillclient/billpay.html HTTP/1.1" 200 5092 "-" "Mozilla/5.0 (iPhone Simulator; U; CPU iPhone OS 4_3_2 like Mac OS X; en-us) AppleWebKit/533.17.9 (KHTML, like Gecko) Version/5.0.2 Mobile/8H7 Safari/6533.18.5"
0:0:0:0:0:0:0:1%0 -  -  [09/Aug/2012:21:30:44 +0000] "GET /newbillclient/style.css HTTP/1.1" 200 580 "http://localhost:8888/newbillclient/billpay.html" "Mozilla/5.0 (iPhone Simulator; U; CPU iPhone OS 4_3_2 like Mac OS X; en-us) AppleWebKit/533.17.9 (KHTML, like Gecko) Version/5.0.2 Mobile/8H7 Safari/6533.18.5"
0:0:0:0:0:0:0:1%0 -  -  [09/Aug/2012:21:30:52 +0000] "GET /newbillclient/billpay.html HTTP/1.1" 200 5092 "-" "Mozilla/5.0 (iPhone Simulator; U; CPU iPhone OS 4_3_2 like Mac OS X; en-us) AppleWebKit/533.17.9 (KHTML, like Gecko) Version/5.0.2 Mobile/8H7 Safari/6533.18.5"
0:0:0:0:0:0:0:1%0 -  -  [09/Aug/2012:21:30:52 +0000] "GET /newbillclient/style.css HTTP/1.1" 304 0 "http://localhost:8888/newbillclient/billpay.html" "Mozilla/5.0 (iPhone Simulator; U; CPU iPhone OS 4_3_2 like Mac OS X; en-us) AppleWebKit/533.17.9 (KHTML, like Gecko) Version/5.0.2 Mobile/8H7 Safari/6533.18.5"
0:0:0:0:0:0:0:1%0 -  -  [09/Aug/2012:21:30:53 +0000] "GET /newbillclient/billpay.html HTTP/1.1" 200 5092 "-" "Mozilla/5.0 (iPhone Simulator; U; CPU iPhone OS 4_3_2 like Mac OS X; en-us) AppleWebKit/533.17.9 (KHTML, like Gecko) Version/5.0.2 Mobile/8H7 Safari/6533.18.5"
0:0:0:0:0:0:0:1%0 -  -  [09/Aug/2012:21:30:53 +0000] "GET /newbillclient/style.css HTTP/1.1" 304 0 "http://localhost:8888/newbillclient/billpay.html" "Mozilla/5.0 (iPhone Simulator; U; CPU iPhone OS 4_3_2 like Mac OS X; en-us) AppleWebKit/533.17.9 (KHTML, like Gecko) Version/5.0.2 Mobile/8H7 Safari/6533.18.5"
0:0:0:0:0:0:0:1%0 -  -  [09/Aug/2012:21:30:54 +0000] "GET /newbillclient/billpay.html HTTP/1.1" 200 5092 "-" "Mozilla/5.0 (iPhone Simulator; U; CPU iPhone OS 4_3_2 like Mac OS X; en-us) AppleWebKit/533.17.9 (KHTML, like Gecko) Version/5.0.2 Mobile/8H7 Safari/6533.18.5"
0:0:0:0:0:0:0:1%0 -  -  [09/Aug/2012:21:30:54 +0000] "GET /newbillclient/style.css HTTP/1.1" 304 0 "http://localhost:8888/newbillclient/billpay.html" "Mozilla/5.0 (iPhone Simulator; U; CPU iPhone OS 4_3_2 like Mac OS X; en-us) AppleWebKit/533.17.9 (KHTML, like Gecko) Version/5.0.2 Mobile/8H7 Safari/6533.18.5"
0:0:0:0:0:0:0:1%0 -  -  [09/Aug/2012:21:30:54 +0000] "GET /newbillclient/billpay.html HTTP/1.1" 200 5092 "-" "Mozilla/5.0 (iPhone Simulator; U; CPU iPhone OS 4_3_2 like Mac OS X; en-us) AppleWebKit/533.17.9 (KHTML, like Gecko) Version/5.0.2 Mobile/8H7 Safari/6533.18.5"
0:0:0:0:0:0:0:1%0 -  -  [09/Aug/2012:21:30:54 +0000] "GET /newbillclient/style.css HTTP/1.1" 304 0 "http://localhost:8888/newbillclient/billpay.html" "Mozilla/5.0 (iPhone Simulator; U; CPU iPhone OS 4_3_2 like Mac OS X; en-us) AppleWebKit/533.17.9 (KHTML, like Gecko) Version/5.0.2 Mobile/8H7 Safari/6533.18.5"
0:0:0:0:0:0:0:1%0 -  -  [09/Aug/2012:21:30:55 +0000] "GET /newbillclient/billpay.html HTTP/1.1" 200 5092 "-" "Mozilla/5.0 (iPhone Simulator; U; CPU iPhone OS 4_3_2 like Mac OS X; en-us) AppleWebKit/533.17.9 (KHTML, like Gecko) Version/5.0.2 Mobile/8H7 Safari/6533.18.5"
0:0:0:0:0:0:0:1%0 -  -  [09/Aug/2012:21:30:55 +0000] "GET /newbillclient/style.css HTTP/1.1" 304 0 "http://localhost:8888/newbillclient/billpay.html" "Mozilla/5.0 (iPhone Simulator; U; CPU iPhone OS 4_3_2 like Mac OS X; en-us) AppleWebKit/533.17.9 (KHTML, like Gecko) Version/5.0.2 Mobile/8H7 Safari/6533.18.5"
0:0:0:0:0:0:0:1%0 -  -  [09/Aug/2012:21:31:01 +0000] "GET /newbillclient/billpay.html HTTP/1.1" 200 5092 "-" "Mozilla/5.0 (iPhone Simulator; U; CPU iPhone OS 4_3_2 like Mac OS X; en-us) AppleWebKit/533.17.9 (KHTML, like Gecko) Version/5.0.2 Mobile/8H7 Safari/6533.18.5"
0:0:0:0:0:0:0:1%0 -  -  [09/Aug/2012:21:31:01 +0000] "GET /newbillclient/style.css HTTP/1.1" 304 0 "http://localhost:8888/newbillclient/billpay.html" "Mozilla/5.0 (iPhone Simulator; U; CPU iPhone OS 4_3_2 like Mac OS X; en-us) AppleWebKit/533.17.9 (KHTML, like Gecko) Version/5.0.2 Mobile/8H7 Safari/6533.18.5"
0:0:0:0:0:0:0:1%0 -  -  [09/Aug/2012:21:31:02 +0000] "GET /newbillclient/billpay.html HTTP/1.1" 200 5092 "-" "Mozilla/5.0 (iPhone Simulator; U; CPU iPhone OS 4_3_2 like Mac OS X; en-us) AppleWebKit/533.17.9 (KHTML, like Gecko) Version/5.0.2 Mobile/8H7 Safari/6533.18.5"
0:0:0:0:0:0:0:1%0 -  -  [09/Aug/2012:21:31:02 +0000] "GET /newbillclient/style.css HTTP/1.1" 304 0 "http://localhost:8888/newbillclient/billpay.html" "Mozilla/5.0 (iPhone Simulator; U; CPU iPhone OS 4_3_2 like Mac OS X; en-us) AppleWebKit/533.17.9 (KHTML, like Gecko) Version/5.0.2 Mobile/8H7 Safari/6533.18.5"
0:0:0:0:0:0:0:1%0 -  -  [09/Aug/2012:21:32:31 +0000] "GET /newbillclient/billpay.html HTTP/1.1" 200 5092 "-" "Mozilla/5.0 (iPhone Simulator; U; CPU iPhone OS 4_3_2 like Mac OS X; en-us) AppleWebKit/533.17.9 (KHTML, like Gecko) Version/5.0.2 Mobile/8H7 Safari/6533.18.5"
0:0:0:0:0:0:0:1%0 -  -  [09/Aug/2012:21:32:31 +0000] "GET /newbillclient/style.css HTTP/1.1" 304 0 "http://localhost:8888/newbillclient/billpay.html" "Mozilla/5.0 (iPhone Simulator; U; CPU iPhone OS 4_3_2 like Mac OS X; en-us) AppleWebKit/533.17.9 (KHTML, like Gecko) Version/5.0.2 Mobile/8H7 Safari/6533.18.5"
0:0:0:0:0:0:0:1%0 -  -  [09/Aug/2012:21:33:06 +0000] "GET /newbillclient/billpay.html HTTP/1.1" 200 5092 "-" "Mozilla/5.0 (iPhone Simulator; U; CPU iPhone OS 4_3_2 like Mac OS X; en-us) AppleWebKit/533.17.9 (KHTML, like Gecko) Version/5.0.2 Mobile/8H7 Safari/6533.18.5"
0:0:0:0:0:0:0:1%0 -  -  [09/Aug/2012:21:33:06 +0000] "GET /newbillclient/style.css HTTP/1.1" 200 1792 "http://localhost:8888/newbillclient/billpay.html" "Mozilla/5.0 (iPhone Simulator; U; CPU iPhone OS 4_3_2 like Mac OS X; en-us) AppleWebKit/533.17.9 (KHTML, like Gecko) Version/5.0.2 Mobile/8H7 Safari/6533.18.5"
0:0:0:0:0:0:0:1%0 -  -  [09/Aug/2012:21:36:26 +0000] "GET /newbillclient/billpay.html HTTP/1.1" 200 5155 "-" "Mozilla/5.0 (iPhone Simulator; U; CPU iPhone OS 4_3_2 like Mac OS X; en-us) AppleWebKit/533.17.9 (KHTML, like Gecko) Version/5.0.2 Mobile/8H7 Safari/6533.18.5"
0:0:0:0:0:0:0:1%0 -  -  [09/Aug/2012:21:36:26 +0000] "GET /newbillclient/style.css HTTP/1.1" 200 1063 "http://localhost:8888/newbillclient/billpay.html" "Mozilla/5.0 (iPhone Simulator; U; CPU iPhone OS 4_3_2 like Mac OS X; en-us) AppleWebKit/533.17.9 (KHTML, like Gecko) Version/5.0.2 Mobile/8H7 Safari/6533.18.5"
0:0:0:0:0:0:0:1%0 -  -  [09/Aug/2012:21:41:49 +0000] "GET /newbillclient/billpay.html HTTP/1.1" 200 5283 "-" "Mozilla/5.0 (iPhone Simulator; U; CPU iPhone OS 4_3_2 like Mac OS X; en-us) AppleWebKit/533.17.9 (KHTML, like Gecko) Version/5.0.2 Mobile/8H7 Safari/6533.18.5"
0:0:0:0:0:0:0:1%0 -  -  [09/Aug/2012:21:41:49 +0000] "GET /newbillclient/style.css HTTP/1.1" 200 1127 "http://localhost:8888/newbillclient/billpay.html" "Mozilla/5.0 (iPhone Simulator; U; CPU iPhone OS 4_3_2 like Mac OS X; en-us) AppleWebKit/533.17.9 (KHTML, like Gecko) Version/5.0.2 Mobile/8H7 Safari/6533.18.5"
0:0:0:0:0:0:0:1%0 -  -  [09/Aug/2012:21:41:55 +0000] "GET /newbillclient/billpay.html HTTP/1.1" 200 5283 "-" "Mozilla/5.0 (iPhone Simulator; U; CPU iPhone OS 4_3_2 like Mac OS X; en-us) AppleWebKit/533.17.9 (KHTML, like Gecko) Version/5.0.2 Mobile/8H7 Safari/6533.18.5"
0:0:0:0:0:0:0:1%0 -  -  [09/Aug/2012:21:41:55 +0000] "GET /newbillclient/style.css HTTP/1.1" 304 0 "http://localhost:8888/newbillclient/billpay.html" "Mozilla/5.0 (iPhone Simulator; U; CPU iPhone OS 4_3_2 like Mac OS X; en-us) AppleWebKit/533.17.9 (KHTML, like Gecko) Version/5.0.2 Mobile/8H7 Safari/6533.18.5"
0:0:0:0:0:0:0:1%0 -  -  [09/Aug/2012:21:43:42 +0000] "GET /newbillclient/billpay.html HTTP/1.1" 200 5260 "-" "Mozilla/5.0 (iPhone Simulator; U; CPU iPhone OS 4_3_2 like Mac OS X; en-us) AppleWebKit/533.17.9 (KHTML, like Gecko) Version/5.0.2 Mobile/8H7 Safari/6533.18.5"
0:0:0:0:0:0:0:1%0 -  -  [09/Aug/2012:21:43:42 +0000] "GET /newbillclient/style.css HTTP/1.1" 200 1767 "http://localhost:8888/newbillclient/billpay.html" "Mozilla/5.0 (iPhone Simulator; U; CPU iPhone OS 4_3_2 like Mac OS X; en-us) AppleWebKit/533.17.9 (KHTML, like Gecko) Version/5.0.2 Mobile/8H7 Safari/6533.18.5"
0:0:0:0:0:0:0:1%0 -  -  [09/Aug/2012:21:44:33 +0000] "GET /newbillclient/billpay.html HTTP/1.1" 200 5260 "-" "Mozilla/5.0 (iPhone Simulator; U; CPU iPhone OS 4_3_2 like Mac OS X; en-us) AppleWebKit/533.17.9 (KHTML, like Gecko) Version/5.0.2 Mobile/8H7 Safari/6533.18.5"
0:0:0:0:0:0:0:1%0 -  -  [09/Aug/2012:21:44:33 +0000] "GET /newbillclient/style.css HTTP/1.1" 304 0 "http://localhost:8888/newbillclient/billpay.html" "Mozilla/5.0 (iPhone Simulator; U; CPU iPhone OS 4_3_2 like Mac OS X; en-us) AppleWebKit/533.17.9 (KHTML, like Gecko) Version/5.0.2 Mobile/8H7 Safari/6533.18.5"
0:0:0:0:0:0:0:1%0 -  -  [09/Aug/2012:21:47:22 +0000] "GET /newbillclient/billpay.html HTTP/1.1" 200 5268 "-" "Mozilla/5.0 (Macintosh; Intel Mac OS X 10_7_4) AppleWebKit/536.11 (KHTML, like Gecko) Chrome/20.0.1132.57 Safari/536.11"
0:0:0:0:0:0:0:1%0 -  -  [09/Aug/2012:21:47:23 +0000] "GET /newbillclient/style.css HTTP/1.1" 200 1734 "http://localhost:8888/newbillclient/billpay.html" "Mozilla/5.0 (Macintosh; Intel Mac OS X 10_7_4) AppleWebKit/536.11 (KHTML, like Gecko) Chrome/20.0.1132.57 Safari/536.11"
0:0:0:0:0:0:0:1%0 -  -  [09/Aug/2012:21:47:27 +0000] "GET /newbillclient/billpay.html HTTP/1.1" 200 5268 "-" "Mozilla/5.0 (iPhone Simulator; U; CPU iPhone OS 4_3_2 like Mac OS X; en-us) AppleWebKit/533.17.9 (KHTML, like Gecko) Version/5.0.2 Mobile/8H7 Safari/6533.18.5"
0:0:0:0:0:0:0:1%0 -  -  [09/Aug/2012:21:47:27 +0000] "GET /newbillclient/style.css HTTP/1.1" 200 1734 "http://localhost:8888/newbillclient/billpay.html" "Mozilla/5.0 (iPhone Simulator; U; CPU iPhone OS 4_3_2 like Mac OS X; en-us) AppleWebKit/533.17.9 (KHTML, like Gecko) Version/5.0.2 Mobile/8H7 Safari/6533.18.5"
0:0:0:0:0:0:0:1%0 -  -  [09/Aug/2012:21:48:54 +0000] "GET /newbillclient/billpay.html HTTP/1.1" 200 5367 "-" "Mozilla/5.0 (iPhone Simulator; U; CPU iPhone OS 4_3_2 like Mac OS X; en-us) AppleWebKit/533.17.9 (KHTML, like Gecko) Version/5.0.2 Mobile/8H7 Safari/6533.18.5"
0:0:0:0:0:0:0:1%0 -  -  [09/Aug/2012:21:48:54 +0000] "GET /newbillclient/style.css HTTP/1.1" 304 0 "http://localhost:8888/newbillclient/billpay.html" "Mozilla/5.0 (iPhone Simulator; U; CPU iPhone OS 4_3_2 like Mac OS X; en-us) AppleWebKit/533.17.9 (KHTML, like Gecko) Version/5.0.2 Mobile/8H7 Safari/6533.18.5"
0:0:0:0:0:0:0:1%0 -  -  [09/Aug/2012:21:49:59 +0000] "GET /newbillclient/billpay.html HTTP/1.1" 200 5364 "-" "Mozilla/5.0 (iPhone Simulator; U; CPU iPhone OS 4_3_2 like Mac OS X; en-us) AppleWebKit/533.17.9 (KHTML, like Gecko) Version/5.0.2 Mobile/8H7 Safari/6533.18.5"
0:0:0:0:0:0:0:1%0 -  -  [09/Aug/2012:21:49:59 +0000] "GET /newbillclient/style.css HTTP/1.1" 304 0 "http://localhost:8888/newbillclient/billpay.html" "Mozilla/5.0 (iPhone Simulator; U; CPU iPhone OS 4_3_2 like Mac OS X; en-us) AppleWebKit/533.17.9 (KHTML, like Gecko) Version/5.0.2 Mobile/8H7 Safari/6533.18.5"
0:0:0:0:0:0:0:1%0 -  -  [09/Aug/2012:21:51:00 +0000] "GET /newbillclient/billpay.html HTTP/1.1" 200 5403 "-" "Mozilla/5.0 (Macintosh; Intel Mac OS X 10_7_4) AppleWebKit/536.11 (KHTML, like Gecko) Chrome/20.0.1132.57 Safari/536.11"
0:0:0:0:0:0:0:1%0 -  -  [09/Aug/2012:21:51:00 +0000] "GET /newbillclient/style.css HTTP/1.1" 304 0 "http://localhost:8888/newbillclient/billpay.html" "Mozilla/5.0 (Macintosh; Intel Mac OS X 10_7_4) AppleWebKit/536.11 (KHTML, like Gecko) Chrome/20.0.1132.57 Safari/536.11"
0:0:0:0:0:0:0:1%0 -  -  [09/Aug/2012:21:51:00 +0000] "GET /favicon.ico HTTP/1.1" 200 1150 "-" "Mozilla/5.0 (Macintosh; Intel Mac OS X 10_7_4) AppleWebKit/536.11 (KHTML, like Gecko) Chrome/20.0.1132.57 Safari/536.11"
0:0:0:0:0:0:0:1%0 -  -  [09/Aug/2012:21:51:03 +0000] "GET /newbillclient/billpay.html HTTP/1.1" 200 5403 "-" "Mozilla/5.0 (iPhone Simulator; U; CPU iPhone OS 4_3_2 like Mac OS X; en-us) AppleWebKit/533.17.9 (KHTML, like Gecko) Version/5.0.2 Mobile/8H7 Safari/6533.18.5"
0:0:0:0:0:0:0:1%0 -  -  [09/Aug/2012:21:51:03 +0000] "GET /newbillclient/style.css HTTP/1.1" 304 0 "http://localhost:8888/newbillclient/billpay.html" "Mozilla/5.0 (iPhone Simulator; U; CPU iPhone OS 4_3_2 like Mac OS X; en-us) AppleWebKit/533.17.9 (KHTML, like Gecko) Version/5.0.2 Mobile/8H7 Safari/6533.18.5"
0:0:0:0:0:0:0:1%0 -  -  [09/Aug/2012:21:52:41 +0000] "GET /newbillclient/billpay.html HTTP/1.1" 200 5594 "-" "Mozilla/5.0 (Macintosh; Intel Mac OS X 10_7_4) AppleWebKit/536.11 (KHTML, like Gecko) Chrome/20.0.1132.57 Safari/536.11"
0:0:0:0:0:0:0:1%0 -  -  [09/Aug/2012:21:52:41 +0000] "GET /newbillclient/style.css HTTP/1.1" 304 0 "http://localhost:8888/newbillclient/billpay.html" "Mozilla/5.0 (Macintosh; Intel Mac OS X 10_7_4) AppleWebKit/536.11 (KHTML, like Gecko) Chrome/20.0.1132.57 Safari/536.11"
0:0:0:0:0:0:0:1%0 -  -  [09/Aug/2012:21:52:41 +0000] "GET /favicon.ico HTTP/1.1" 200 1150 "-" "Mozilla/5.0 (Macintosh; Intel Mac OS X 10_7_4) AppleWebKit/536.11 (KHTML, like Gecko) Chrome/20.0.1132.57 Safari/536.11"
0:0:0:0:0:0:0:1%0 -  -  [09/Aug/2012:21:52:47 +0000] "GET /newbillclient/billpay.html HTTP/1.1" 200 5594 "-" "Mozilla/5.0 (iPhone Simulator; U; CPU iPhone OS 4_3_2 like Mac OS X; en-us) AppleWebKit/533.17.9 (KHTML, like Gecko) Version/5.0.2 Mobile/8H7 Safari/6533.18.5"
0:0:0:0:0:0:0:1%0 -  -  [09/Aug/2012:21:52:47 +0000] "GET /newbillclient/style.css HTTP/1.1" 304 0 "http://localhost:8888/newbillclient/billpay.html" "Mozilla/5.0 (iPhone Simulator; U; CPU iPhone OS 4_3_2 like Mac OS X; en-us) AppleWebKit/533.17.9 (KHTML, like Gecko) Version/5.0.2 Mobile/8H7 Safari/6533.18.5"
0:0:0:0:0:0:0:1%0 -  -  [09/Aug/2012:21:53:06 +0000] "GET /newbillclient/billpay.html HTTP/1.1" 200 5594 "-" "Mozilla/5.0 (iPhone Simulator; U; CPU iPhone OS 4_3_2 like Mac OS X; en-us) AppleWebKit/533.17.9 (KHTML, like Gecko) Version/5.0.2 Mobile/8H7 Safari/6533.18.5"
0:0:0:0:0:0:0:1%0 -  -  [09/Aug/2012:21:53:06 +0000] "GET /newbillclient/style.css HTTP/1.1" 304 0 "http://localhost:8888/newbillclient/billpay.html" "Mozilla/5.0 (iPhone Simulator; U; CPU iPhone OS 4_3_2 like Mac OS X; en-us) AppleWebKit/533.17.9 (KHTML, like Gecko) Version/5.0.2 Mobile/8H7 Safari/6533.18.5"
0:0:0:0:0:0:0:1%0 -  -  [09/Aug/2012:21:54:20 +0000] "GET /newbillclient/billpay.html HTTP/1.1" 200 5594 "-" "Mozilla/5.0 (iPhone Simulator; U; CPU iPhone OS 4_3_2 like Mac OS X; en-us) AppleWebKit/533.17.9 (KHTML, like Gecko) Version/5.0.2 Mobile/8H7 Safari/6533.18.5"
0:0:0:0:0:0:0:1%0 -  -  [09/Aug/2012:21:54:20 +0000] "GET /newbillclient/style.css HTTP/1.1" 304 0 "http://localhost:8888/newbillclient/billpay.html" "Mozilla/5.0 (iPhone Simulator; U; CPU iPhone OS 4_3_2 like Mac OS X; en-us) AppleWebKit/533.17.9 (KHTML, like Gecko) Version/5.0.2 Mobile/8H7 Safari/6533.18.5"
0:0:0:0:0:0:0:1%0 -  -  [09/Aug/2012:21:55:55 +0000] "GET /newbillclient/billpay.html HTTP/1.1" 200 5662 "-" "Mozilla/5.0 (Macintosh; Intel Mac OS X 10_7_4) AppleWebKit/536.11 (KHTML, like Gecko) Chrome/20.0.1132.57 Safari/536.11"
0:0:0:0:0:0:0:1%0 -  -  [09/Aug/2012:21:55:55 +0000] "GET /newbillclient/style.css HTTP/1.1" 304 0 "http://localhost:8888/newbillclient/billpay.html" "Mozilla/5.0 (Macintosh; Intel Mac OS X 10_7_4) AppleWebKit/536.11 (KHTML, like Gecko) Chrome/20.0.1132.57 Safari/536.11"
0:0:0:0:0:0:0:1%0 -  -  [09/Aug/2012:21:55:55 +0000] "GET /favicon.ico HTTP/1.1" 200 1150 "-" "Mozilla/5.0 (Macintosh; Intel Mac OS X 10_7_4) AppleWebKit/536.11 (KHTML, like Gecko) Chrome/20.0.1132.57 Safari/536.11"
0:0:0:0:0:0:0:1%0 -  -  [09/Aug/2012:21:55:58 +0000] "GET /newbillclient/billpay.html HTTP/1.1" 200 5662 "-" "Mozilla/5.0 (iPhone Simulator; U; CPU iPhone OS 4_3_2 like Mac OS X; en-us) AppleWebKit/533.17.9 (KHTML, like Gecko) Version/5.0.2 Mobile/8H7 Safari/6533.18.5"
0:0:0:0:0:0:0:1%0 -  -  [09/Aug/2012:21:55:58 +0000] "GET /newbillclient/style.css HTTP/1.1" 304 0 "http://localhost:8888/newbillclient/billpay.html" "Mozilla/5.0 (iPhone Simulator; U; CPU iPhone OS 4_3_2 like Mac OS X; en-us) AppleWebKit/533.17.9 (KHTML, like Gecko) Version/5.0.2 Mobile/8H7 Safari/6533.18.5"
0:0:0:0:0:0:0:1%0 -  -  [09/Aug/2012:21:56:23 +0000] "GET /newbillclient/billpay.html HTTP/1.1" 200 5662 "-" "Mozilla/5.0 (iPhone Simulator; U; CPU iPhone OS 4_3_2 like Mac OS X; en-us) AppleWebKit/533.17.9 (KHTML, like Gecko) Version/5.0.2 Mobile/8H7 Safari/6533.18.5"
0:0:0:0:0:0:0:1%0 -  -  [09/Aug/2012:21:56:23 +0000] "GET /newbillclient/style.css HTTP/1.1" 304 0 "http://localhost:8888/newbillclient/billpay.html" "Mozilla/5.0 (iPhone Simulator; U; CPU iPhone OS 4_3_2 like Mac OS X; en-us) AppleWebKit/533.17.9 (KHTML, like Gecko) Version/5.0.2 Mobile/8H7 Safari/6533.18.5"
0:0:0:0:0:0:0:1%0 -  -  [09/Aug/2012:21:58:35 +0000] "GET /newbillclient/billpay.html HTTP/1.1" 200 5618 "-" "Mozilla/5.0 (Macintosh; Intel Mac OS X 10_7_4) AppleWebKit/536.11 (KHTML, like Gecko) Chrome/20.0.1132.57 Safari/536.11"
0:0:0:0:0:0:0:1%0 -  -  [09/Aug/2012:21:58:35 +0000] "GET /newbillclient/style.css HTTP/1.1" 304 0 "http://localhost:8888/newbillclient/billpay.html" "Mozilla/5.0 (Macintosh; Intel Mac OS X 10_7_4) AppleWebKit/536.11 (KHTML, like Gecko) Chrome/20.0.1132.57 Safari/536.11"
0:0:0:0:0:0:0:1%0 -  -  [09/Aug/2012:21:58:35 +0000] "GET /favicon.ico HTTP/1.1" 200 1150 "-" "Mozilla/5.0 (Macintosh; Intel Mac OS X 10_7_4) AppleWebKit/536.11 (KHTML, like Gecko) Chrome/20.0.1132.57 Safari/536.11"
0:0:0:0:0:0:0:1%0 -  -  [09/Aug/2012:21:59:31 +0000] "GET /newbillclient/billpay.html HTTP/1.1" 200 5618 "-" "Mozilla/5.0 (Macintosh; Intel Mac OS X 10_7_4) AppleWebKit/536.11 (KHTML, like Gecko) Chrome/20.0.1132.57 Safari/536.11"
0:0:0:0:0:0:0:1%0 -  -  [09/Aug/2012:21:59:31 +0000] "GET /newbillclient/style.css HTTP/1.1" 200 1723 "http://localhost:8888/newbillclient/billpay.html" "Mozilla/5.0 (Macintosh; Intel Mac OS X 10_7_4) AppleWebKit/536.11 (KHTML, like Gecko) Chrome/20.0.1132.57 Safari/536.11"
0:0:0:0:0:0:0:1%0 -  -  [09/Aug/2012:21:59:31 +0000] "GET /favicon.ico HTTP/1.1" 200 1150 "-" "Mozilla/5.0 (Macintosh; Intel Mac OS X 10_7_4) AppleWebKit/536.11 (KHTML, like Gecko) Chrome/20.0.1132.57 Safari/536.11"
0:0:0:0:0:0:0:1%0 -  -  [09/Aug/2012:21:59:39 +0000] "GET /newbillclient/billpay.html HTTP/1.1" 200 5618 "-" "Mozilla/5.0 (iPhone Simulator; U; CPU iPhone OS 4_3_2 like Mac OS X; en-us) AppleWebKit/533.17.9 (KHTML, like Gecko) Version/5.0.2 Mobile/8H7 Safari/6533.18.5"
0:0:0:0:0:0:0:1%0 -  -  [09/Aug/2012:21:59:39 +0000] "GET /newbillclient/style.css HTTP/1.1" 200 1723 "http://localhost:8888/newbillclient/billpay.html" "Mozilla/5.0 (iPhone Simulator; U; CPU iPhone OS 4_3_2 like Mac OS X; en-us) AppleWebKit/533.17.9 (KHTML, like Gecko) Version/5.0.2 Mobile/8H7 Safari/6533.18.5"
0:0:0:0:0:0:0:1%0 -  -  [09/Aug/2012:22:00:19 +0000] "GET /newbillclient/billpay.html HTTP/1.1" 304 0 "-" "Mozilla/5.0 (Macintosh; Intel Mac OS X 10_7_4) AppleWebKit/536.11 (KHTML, like Gecko) Chrome/20.0.1132.57 Safari/536.11"
0:0:0:0:0:0:0:1%0 -  -  [09/Aug/2012:22:00:20 +0000] "GET /newbillclient/style.css HTTP/1.1" 200 1726 "http://localhost:8888/newbillclient/billpay.html" "Mozilla/5.0 (Macintosh; Intel Mac OS X 10_7_4) AppleWebKit/536.11 (KHTML, like Gecko) Chrome/20.0.1132.57 Safari/536.11"
0:0:0:0:0:0:0:1%0 -  -  [09/Aug/2012:22:00:20 +0000] "GET /favicon.ico HTTP/1.1" 200 1150 "-" "Mozilla/5.0 (Macintosh; Intel Mac OS X 10_7_4) AppleWebKit/536.11 (KHTML, like Gecko) Chrome/20.0.1132.57 Safari/536.11"
0:0:0:0:0:0:0:1%0 -  -  [09/Aug/2012:22:00:22 +0000] "GET /newbillclient/billpay.html HTTP/1.1" 200 5618 "-" "Mozilla/5.0 (iPhone Simulator; U; CPU iPhone OS 4_3_2 like Mac OS X; en-us) AppleWebKit/533.17.9 (KHTML, like Gecko) Version/5.0.2 Mobile/8H7 Safari/6533.18.5"
0:0:0:0:0:0:0:1%0 -  -  [09/Aug/2012:22:00:22 +0000] "GET /newbillclient/style.css HTTP/1.1" 200 1726 "http://localhost:8888/newbillclient/billpay.html" "Mozilla/5.0 (iPhone Simulator; U; CPU iPhone OS 4_3_2 like Mac OS X; en-us) AppleWebKit/533.17.9 (KHTML, like Gecko) Version/5.0.2 Mobile/8H7 Safari/6533.18.5"
0:0:0:0:0:0:0:1%0 -  -  [09/Aug/2012:22:01:08 +0000] "GET /newbillclient/billpay.html HTTP/1.1" 200 5618 "-" "Mozilla/5.0 (iPhone Simulator; U; CPU iPhone OS 4_3_2 like Mac OS X; en-us) AppleWebKit/533.17.9 (KHTML, like Gecko) Version/5.0.2 Mobile/8H7 Safari/6533.18.5"
0:0:0:0:0:0:0:1%0 -  -  [09/Aug/2012:22:01:08 +0000] "GET /newbillclient/style.css HTTP/1.1" 200 1726 "http://localhost:8888/newbillclient/billpay.html" "Mozilla/5.0 (iPhone Simulator; U; CPU iPhone OS 4_3_2 like Mac OS X; en-us) AppleWebKit/533.17.9 (KHTML, like Gecko) Version/5.0.2 Mobile/8H7 Safari/6533.18.5"
0:0:0:0:0:0:0:1%0 -  -  [09/Aug/2012:22:01:38 +0000] "GET /newbillclient/billpay.html HTTP/1.1" 304 0 "-" "Mozilla/5.0 (Macintosh; Intel Mac OS X 10_7_4) AppleWebKit/536.11 (KHTML, like Gecko) Chrome/20.0.1132.57 Safari/536.11"
0:0:0:0:0:0:0:1%0 -  -  [09/Aug/2012:22:01:38 +0000] "GET /newbillclient/style.css HTTP/1.1" 200 1726 "http://localhost:8888/newbillclient/billpay.html" "Mozilla/5.0 (Macintosh; Intel Mac OS X 10_7_4) AppleWebKit/536.11 (KHTML, like Gecko) Chrome/20.0.1132.57 Safari/536.11"
0:0:0:0:0:0:0:1%0 -  -  [09/Aug/2012:22:01:38 +0000] "GET /favicon.ico HTTP/1.1" 200 1150 "-" "Mozilla/5.0 (Macintosh; Intel Mac OS X 10_7_4) AppleWebKit/536.11 (KHTML, like Gecko) Chrome/20.0.1132.57 Safari/536.11"
0:0:0:0:0:0:0:1%0 -  -  [09/Aug/2012:22:01:42 +0000] "GET /newbillclient/billpay.html HTTP/1.1" 200 5618 "-" "Mozilla/5.0 (iPhone Simulator; U; CPU iPhone OS 4_3_2 like Mac OS X; en-us) AppleWebKit/533.17.9 (KHTML, like Gecko) Version/5.0.2 Mobile/8H7 Safari/6533.18.5"
0:0:0:0:0:0:0:1%0 -  -  [09/Aug/2012:22:01:42 +0000] "GET /newbillclient/style.css HTTP/1.1" 200 1726 "http://localhost:8888/newbillclient/billpay.html" "Mozilla/5.0 (iPhone Simulator; U; CPU iPhone OS 4_3_2 like Mac OS X; en-us) AppleWebKit/533.17.9 (KHTML, like Gecko) Version/5.0.2 Mobile/8H7 Safari/6533.18.5"
0:0:0:0:0:0:0:1%0 -  -  [09/Aug/2012:22:03:01 +0000] "GET /newbillclient/billpay.html HTTP/1.1" 200 5884 "-" "Mozilla/5.0 (Macintosh; Intel Mac OS X 10_7_4) AppleWebKit/536.11 (KHTML, like Gecko) Chrome/20.0.1132.57 Safari/536.11"
0:0:0:0:0:0:0:1%0 -  -  [09/Aug/2012:22:03:01 +0000] "GET /newbillclient/style.css HTTP/1.1" 200 1726 "http://localhost:8888/newbillclient/billpay.html" "Mozilla/5.0 (Macintosh; Intel Mac OS X 10_7_4) AppleWebKit/536.11 (KHTML, like Gecko) Chrome/20.0.1132.57 Safari/536.11"
0:0:0:0:0:0:0:1%0 -  -  [09/Aug/2012:22:03:01 +0000] "GET /favicon.ico HTTP/1.1" 200 1150 "-" "Mozilla/5.0 (Macintosh; Intel Mac OS X 10_7_4) AppleWebKit/536.11 (KHTML, like Gecko) Chrome/20.0.1132.57 Safari/536.11"
0:0:0:0:0:0:0:1%0 -  -  [09/Aug/2012:22:03:07 +0000] "GET /newbillclient/billpay.html HTTP/1.1" 200 5884 "-" "Mozilla/5.0 (iPhone Simulator; U; CPU iPhone OS 4_3_2 like Mac OS X; en-us) AppleWebKit/533.17.9 (KHTML, like Gecko) Version/5.0.2 Mobile/8H7 Safari/6533.18.5"
0:0:0:0:0:0:0:1%0 -  -  [09/Aug/2012:22:03:07 +0000] "GET /newbillclient/style.css HTTP/1.1" 200 1726 "http://localhost:8888/newbillclient/billpay.html" "Mozilla/5.0 (iPhone Simulator; U; CPU iPhone OS 4_3_2 like Mac OS X; en-us) AppleWebKit/533.17.9 (KHTML, like Gecko) Version/5.0.2 Mobile/8H7 Safari/6533.18.5"
0:0:0:0:0:0:0:1%0 -  -  [09/Aug/2012:22:03:49 +0000] "GET /newbillclient/billpay.html HTTP/1.1" 200 5884 "-" "Mozilla/5.0 (iPhone Simulator; U; CPU iPhone OS 4_3_2 like Mac OS X; en-us) AppleWebKit/533.17.9 (KHTML, like Gecko) Version/5.0.2 Mobile/8H7 Safari/6533.18.5"
0:0:0:0:0:0:0:1%0 -  -  [09/Aug/2012:22:03:49 +0000] "GET /newbillclient/style.css HTTP/1.1" 304 0 "http://localhost:8888/newbillclient/billpay.html" "Mozilla/5.0 (iPhone Simulator; U; CPU iPhone OS 4_3_2 like Mac OS X; en-us) AppleWebKit/533.17.9 (KHTML, like Gecko) Version/5.0.2 Mobile/8H7 Safari/6533.18.5"
0:0:0:0:0:0:0:1%0 -  -  [09/Aug/2012:22:14:47 +0000] "GET /newbillclient/billpay.html HTTP/1.1" 200 5884 "-" "Mozilla/5.0 (iPhone Simulator; U; CPU iPhone OS 4_3_2 like Mac OS X; en-us) AppleWebKit/533.17.9 (KHTML, like Gecko) Version/5.0.2 Mobile/8H7 Safari/6533.18.5"
0:0:0:0:0:0:0:1%0 -  -  [09/Aug/2012:22:14:47 +0000] "GET /newbillclient/style.css HTTP/1.1" 200 1726 "http://localhost:8888/newbillclient/billpay.html" "Mozilla/5.0 (iPhone Simulator; U; CPU iPhone OS 4_3_2 like Mac OS X; en-us) AppleWebKit/533.17.9 (KHTML, like Gecko) Version/5.0.2 Mobile/8H7 Safari/6533.18.5"
0:0:0:0:0:0:0:1%0 -  -  [09/Aug/2012:22:20:10 +0000] "GET /newbillclient/billpay.html HTTP/1.1" 304 0 "-" "Mozilla/5.0 (Macintosh; Intel Mac OS X 10_7_4) AppleWebKit/536.11 (KHTML, like Gecko) Chrome/20.0.1132.57 Safari/536.11"
0:0:0:0:0:0:0:1%0 -  -  [09/Aug/2012:22:20:10 +0000] "GET /newbillclient/style.css HTTP/1.1" 304 0 "http://localhost:8888/newbillclient/billpay.html" "Mozilla/5.0 (Macintosh; Intel Mac OS X 10_7_4) AppleWebKit/536.11 (KHTML, like Gecko) Chrome/20.0.1132.57 Safari/536.11"
0:0:0:0:0:0:0:1%0 -  -  [09/Aug/2012:22:21:05 +0000] "GET /newbillclient/billpay.html HTTP/1.1" 200 5884 "-" "Mozilla/5.0 (iPhone Simulator; U; CPU iPhone OS 4_3_2 like Mac OS X; en-us) AppleWebKit/533.17.9 (KHTML, like Gecko) Version/5.0.2 Mobile/8H7 Safari/6533.18.5"
0:0:0:0:0:0:0:1%0 -  -  [09/Aug/2012:22:21:05 +0000] "GET /newbillclient/style.css HTTP/1.1" 200 1726 "http://localhost:8888/newbillclient/billpay.html" "Mozilla/5.0 (iPhone Simulator; U; CPU iPhone OS 4_3_2 like Mac OS X; en-us) AppleWebKit/533.17.9 (KHTML, like Gecko) Version/5.0.2 Mobile/8H7 Safari/6533.18.5"
0:0:0:0:0:0:0:1%0 -  -  [09/Aug/2012:22:21:06 +0000] "GET /newbillclient/billpay.html HTTP/1.1" 200 5884 "-" "Mozilla/5.0 (iPhone Simulator; U; CPU iPhone OS 4_3_2 like Mac OS X; en-us) AppleWebKit/533.17.9 (KHTML, like Gecko) Version/5.0.2 Mobile/8H7 Safari/6533.18.5"
0:0:0:0:0:0:0:1%0 -  -  [09/Aug/2012:22:21:06 +0000] "GET /newbillclient/style.css HTTP/1.1" 304 0 "http://localhost:8888/newbillclient/billpay.html" "Mozilla/5.0 (iPhone Simulator; U; CPU iPhone OS 4_3_2 like Mac OS X; en-us) AppleWebKit/533.17.9 (KHTML, like Gecko) Version/5.0.2 Mobile/8H7 Safari/6533.18.5"
0:0:0:0:0:0:0:1%0 -  -  [09/Aug/2012:22:21:38 +0000] "GET /newbillclient/billpay.html HTTP/1.1" 304 0 "-" "Mozilla/5.0 (Macintosh; Intel Mac OS X 10_7_4) AppleWebKit/536.11 (KHTML, like Gecko) Chrome/20.0.1132.57 Safari/536.11"
0:0:0:0:0:0:0:1%0 -  -  [09/Aug/2012:22:21:38 +0000] "GET /newbillclient/style.css HTTP/1.1" 304 0 "http://localhost:8888/newbillclient/billpay.html" "Mozilla/5.0 (Macintosh; Intel Mac OS X 10_7_4) AppleWebKit/536.11 (KHTML, like Gecko) Chrome/20.0.1132.57 Safari/536.11"
0:0:0:0:0:0:0:1%0 -  -  [09/Aug/2012:22:21:38 +0000] "GET /favicon.ico HTTP/1.1" 200 1150 "-" "Mozilla/5.0 (Macintosh; Intel Mac OS X 10_7_4) AppleWebKit/536.11 (KHTML, like Gecko) Chrome/20.0.1132.57 Safari/536.11"
