0:0:0:0:0:0:0:1%0 -  -  [10/Aug/2012:20:23:25 +0000] "GET /newbillclient/billpay.html HTTP/1.1" 200 5907 "-" "Mozilla/5.0 (Macintosh; Intel Mac OS X 10_7_4) AppleWebKit/536.11 (KHTML, like Gecko) Chrome/20.0.1132.57 Safari/536.11"
0:0:0:0:0:0:0:1%0 -  -  [10/Aug/2012:20:23:25 +0000] "GET /newbillclient/style.css HTTP/1.1" 200 2391 "http://localhost:8888/newbillclient/billpay.html" "Mozilla/5.0 (Macintosh; Intel Mac OS X 10_7_4) AppleWebKit/536.11 (KHTML, like Gecko) Chrome/20.0.1132.57 Safari/536.11"
0:0:0:0:0:0:0:1%0 -  -  [10/Aug/2012:20:23:33 +0000] "GET /newbillclient/billpay.html HTTP/1.1" 200 5907 "-" "Mozilla/5.0 (iPhone Simulator; U; CPU iPhone OS 4_3_2 like Mac OS X; en-us) AppleWebKit/533.17.9 (KHTML, like Gecko) Version/5.0.2 Mobile/8H7 Safari/6533.18.5"
0:0:0:0:0:0:0:1%0 -  -  [10/Aug/2012:20:23:33 +0000] "GET /newbillclient/style.css HTTP/1.1" 200 2391 "http://localhost:8888/newbillclient/billpay.html" "Mozilla/5.0 (iPhone Simulator; U; CPU iPhone OS 4_3_2 like Mac OS X; en-us) AppleWebKit/533.17.9 (KHTML, like Gecko) Version/5.0.2 Mobile/8H7 Safari/6533.18.5"
0:0:0:0:0:0:0:1%0 -  -  [10/Aug/2012:20:24:15 +0000] "GET /newbillclient/billpay.html HTTP/1.1" 200 5907 "-" "Mozilla/5.0 (iPhone Simulator; U; CPU iPhone OS 4_3_2 like Mac OS X; en-us) AppleWebKit/533.17.9 (KHTML, like Gecko) Version/5.0.2 Mobile/8H7 Safari/6533.18.5"
0:0:0:0:0:0:0:1%0 -  -  [10/Aug/2012:20:24:15 +0000] "GET /newbillclient/style.css HTTP/1.1" 200 2392 "http://localhost:8888/newbillclient/billpay.html" "Mozilla/5.0 (iPhone Simulator; U; CPU iPhone OS 4_3_2 like Mac OS X; en-us) AppleWebKit/533.17.9 (KHTML, like Gecko) Version/5.0.2 Mobile/8H7 Safari/6533.18.5"
0:0:0:0:0:0:0:1%0 -  -  [10/Aug/2012:20:24:27 +0000] "GET /newbillclient/billpay.html HTTP/1.1" 200 5907 "-" "Mozilla/5.0 (iPhone Simulator; U; CPU iPhone OS 4_3_2 like Mac OS X; en-us) AppleWebKit/533.17.9 (KHTML, like Gecko) Version/5.0.2 Mobile/8H7 Safari/6533.18.5"
0:0:0:0:0:0:0:1%0 -  -  [10/Aug/2012:20:24:27 +0000] "GET /newbillclient/style.css HTTP/1.1" 200 2392 "http://localhost:8888/newbillclient/billpay.html" "Mozilla/5.0 (iPhone Simulator; U; CPU iPhone OS 4_3_2 like Mac OS X; en-us) AppleWebKit/533.17.9 (KHTML, like Gecko) Version/5.0.2 Mobile/8H7 Safari/6533.18.5"
0:0:0:0:0:0:0:1%0 -  -  [10/Aug/2012:20:25:21 +0000] "GET /newbillclient/billpay.html HTTP/1.1" 200 5907 "-" "Mozilla/5.0 (iPhone Simulator; U; CPU iPhone OS 4_3_2 like Mac OS X; en-us) AppleWebKit/533.17.9 (KHTML, like Gecko) Version/5.0.2 Mobile/8H7 Safari/6533.18.5"
0:0:0:0:0:0:0:1%0 -  -  [10/Aug/2012:20:25:21 +0000] "GET /newbillclient/style.css HTTP/1.1" 200 2591 "http://localhost:8888/newbillclient/billpay.html" "Mozilla/5.0 (iPhone Simulator; U; CPU iPhone OS 4_3_2 like Mac OS X; en-us) AppleWebKit/533.17.9 (KHTML, like Gecko) Version/5.0.2 Mobile/8H7 Safari/6533.18.5"
0:0:0:0:0:0:0:1%0 -  -  [10/Aug/2012:20:25:44 +0000] "GET /newbillclient/billpay.html HTTP/1.1" 200 5907 "-" "Mozilla/5.0 (iPhone Simulator; U; CPU iPhone OS 4_3_2 like Mac OS X; en-us) AppleWebKit/533.17.9 (KHTML, like Gecko) Version/5.0.2 Mobile/8H7 Safari/6533.18.5"
0:0:0:0:0:0:0:1%0 -  -  [10/Aug/2012:20:25:44 +0000] "GET /newbillclient/style.css HTTP/1.1" 200 2592 "http://localhost:8888/newbillclient/billpay.html" "Mozilla/5.0 (iPhone Simulator; U; CPU iPhone OS 4_3_2 like Mac OS X; en-us) AppleWebKit/533.17.9 (KHTML, like Gecko) Version/5.0.2 Mobile/8H7 Safari/6533.18.5"
0:0:0:0:0:0:0:1%0 -  -  [10/Aug/2012:20:26:02 +0000] "GET /newbillclient/billpay.html HTTP/1.1" 200 5907 "-" "Mozilla/5.0 (iPhone Simulator; U; CPU iPhone OS 4_3_2 like Mac OS X; en-us) AppleWebKit/533.17.9 (KHTML, like Gecko) Version/5.0.2 Mobile/8H7 Safari/6533.18.5"
0:0:0:0:0:0:0:1%0 -  -  [10/Aug/2012:20:26:02 +0000] "GET /newbillclient/style.css HTTP/1.1" 200 2592 "http://localhost:8888/newbillclient/billpay.html" "Mozilla/5.0 (iPhone Simulator; U; CPU iPhone OS 4_3_2 like Mac OS X; en-us) AppleWebKit/533.17.9 (KHTML, like Gecko) Version/5.0.2 Mobile/8H7 Safari/6533.18.5"
0:0:0:0:0:0:0:1%0 -  -  [10/Aug/2012:20:26:29 +0000] "GET /newbillclient/billpay.html HTTP/1.1" 200 5907 "-" "Mozilla/5.0 (iPhone Simulator; U; CPU iPhone OS 4_3_2 like Mac OS X; en-us) AppleWebKit/533.17.9 (KHTML, like Gecko) Version/5.0.2 Mobile/8H7 Safari/6533.18.5"
0:0:0:0:0:0:0:1%0 -  -  [10/Aug/2012:20:26:29 +0000] "GET /newbillclient/style.css HTTP/1.1" 200 2591 "http://localhost:8888/newbillclient/billpay.html" "Mozilla/5.0 (iPhone Simulator; U; CPU iPhone OS 4_3_2 like Mac OS X; en-us) AppleWebKit/533.17.9 (KHTML, like Gecko) Version/5.0.2 Mobile/8H7 Safari/6533.18.5"
0:0:0:0:0:0:0:1%0 -  -  [10/Aug/2012:20:27:14 +0000] "GET /newbillclient/billpay.html HTTP/1.1" 200 5907 "-" "Mozilla/5.0 (iPhone Simulator; U; CPU iPhone OS 4_3_2 like Mac OS X; en-us) AppleWebKit/533.17.9 (KHTML, like Gecko) Version/5.0.2 Mobile/8H7 Safari/6533.18.5"
0:0:0:0:0:0:0:1%0 -  -  [10/Aug/2012:20:27:14 +0000] "GET /newbillclient/style.css HTTP/1.1" 200 2613 "http://localhost:8888/newbillclient/billpay.html" "Mozilla/5.0 (iPhone Simulator; U; CPU iPhone OS 4_3_2 like Mac OS X; en-us) AppleWebKit/533.17.9 (KHTML, like Gecko) Version/5.0.2 Mobile/8H7 Safari/6533.18.5"
0:0:0:0:0:0:0:1%0 -  -  [10/Aug/2012:20:27:15 +0000] "GET /newbillclient/billpay.html HTTP/1.1" 200 5907 "-" "Mozilla/5.0 (iPhone Simulator; U; CPU iPhone OS 4_3_2 like Mac OS X; en-us) AppleWebKit/533.17.9 (KHTML, like Gecko) Version/5.0.2 Mobile/8H7 Safari/6533.18.5"
0:0:0:0:0:0:0:1%0 -  -  [10/Aug/2012:20:27:15 +0000] "GET /newbillclient/style.css HTTP/1.1" 304 0 "http://localhost:8888/newbillclient/billpay.html" "Mozilla/5.0 (iPhone Simulator; U; CPU iPhone OS 4_3_2 like Mac OS X; en-us) AppleWebKit/533.17.9 (KHTML, like Gecko) Version/5.0.2 Mobile/8H7 Safari/6533.18.5"
0:0:0:0:0:0:0:1%0 -  -  [10/Aug/2012:20:27:15 +0000] "GET /newbillclient/billpay.html HTTP/1.1" 200 5907 "-" "Mozilla/5.0 (iPhone Simulator; U; CPU iPhone OS 4_3_2 like Mac OS X; en-us) AppleWebKit/533.17.9 (KHTML, like Gecko) Version/5.0.2 Mobile/8H7 Safari/6533.18.5"
0:0:0:0:0:0:0:1%0 -  -  [10/Aug/2012:20:27:15 +0000] "GET /newbillclient/style.css HTTP/1.1" 304 0 "http://localhost:8888/newbillclient/billpay.html" "Mozilla/5.0 (iPhone Simulator; U; CPU iPhone OS 4_3_2 like Mac OS X; en-us) AppleWebKit/533.17.9 (KHTML, like Gecko) Version/5.0.2 Mobile/8H7 Safari/6533.18.5"
0:0:0:0:0:0:0:1%0 -  -  [10/Aug/2012:20:27:24 +0000] "GET /newbillclient/billpay.html HTTP/1.1" 200 5907 "-" "Mozilla/5.0 (iPhone Simulator; U; CPU iPhone OS 4_3_2 like Mac OS X; en-us) AppleWebKit/533.17.9 (KHTML, like Gecko) Version/5.0.2 Mobile/8H7 Safari/6533.18.5"
0:0:0:0:0:0:0:1%0 -  -  [10/Aug/2012:20:27:24 +0000] "GET /newbillclient/style.css HTTP/1.1" 200 2613 "http://localhost:8888/newbillclient/billpay.html" "Mozilla/5.0 (iPhone Simulator; U; CPU iPhone OS 4_3_2 like Mac OS X; en-us) AppleWebKit/533.17.9 (KHTML, like Gecko) Version/5.0.2 Mobile/8H7 Safari/6533.18.5"
0:0:0:0:0:0:0:1%0 -  -  [10/Aug/2012:20:27:30 +0000] "GET /newbillclient/billpay.html HTTP/1.1" 200 5907 "-" "Mozilla/5.0 (iPhone Simulator; U; CPU iPhone OS 4_3_2 like Mac OS X; en-us) AppleWebKit/533.17.9 (KHTML, like Gecko) Version/5.0.2 Mobile/8H7 Safari/6533.18.5"
0:0:0:0:0:0:0:1%0 -  -  [10/Aug/2012:20:27:30 +0000] "GET /newbillclient/style.css HTTP/1.1" 200 2612 "http://localhost:8888/newbillclient/billpay.html" "Mozilla/5.0 (iPhone Simulator; U; CPU iPhone OS 4_3_2 like Mac OS X; en-us) AppleWebKit/533.17.9 (KHTML, like Gecko) Version/5.0.2 Mobile/8H7 Safari/6533.18.5"
0:0:0:0:0:0:0:1%0 -  -  [10/Aug/2012:20:27:39 +0000] "GET /newbillclient/billpay.html HTTP/1.1" 200 5907 "-" "Mozilla/5.0 (iPhone Simulator; U; CPU iPhone OS 4_3_2 like Mac OS X; en-us) AppleWebKit/533.17.9 (KHTML, like Gecko) Version/5.0.2 Mobile/8H7 Safari/6533.18.5"
0:0:0:0:0:0:0:1%0 -  -  [10/Aug/2012:20:27:39 +0000] "GET /newbillclient/style.css HTTP/1.1" 200 2611 "http://localhost:8888/newbillclient/billpay.html" "Mozilla/5.0 (iPhone Simulator; U; CPU iPhone OS 4_3_2 like Mac OS X; en-us) AppleWebKit/533.17.9 (KHTML, like Gecko) Version/5.0.2 Mobile/8H7 Safari/6533.18.5"
0:0:0:0:0:0:0:1%0 -  -  [10/Aug/2012:20:27:48 +0000] "GET /newbillclient/billpay.html HTTP/1.1" 200 5907 "-" "Mozilla/5.0 (iPhone Simulator; U; CPU iPhone OS 4_3_2 like Mac OS X; en-us) AppleWebKit/533.17.9 (KHTML, like Gecko) Version/5.0.2 Mobile/8H7 Safari/6533.18.5"
0:0:0:0:0:0:0:1%0 -  -  [10/Aug/2012:20:27:48 +0000] "GET /newbillclient/style.css HTTP/1.1" 200 2611 "http://localhost:8888/newbillclient/billpay.html" "Mozilla/5.0 (iPhone Simulator; U; CPU iPhone OS 4_3_2 like Mac OS X; en-us) AppleWebKit/533.17.9 (KHTML, like Gecko) Version/5.0.2 Mobile/8H7 Safari/6533.18.5"
0:0:0:0:0:0:0:1%0 -  -  [10/Aug/2012:20:27:54 +0000] "GET /newbillclient/billpay.html HTTP/1.1" 200 5907 "-" "Mozilla/5.0 (iPhone Simulator; U; CPU iPhone OS 4_3_2 like Mac OS X; en-us) AppleWebKit/533.17.9 (KHTML, like Gecko) Version/5.0.2 Mobile/8H7 Safari/6533.18.5"
0:0:0:0:0:0:0:1%0 -  -  [10/Aug/2012:20:27:54 +0000] "GET /newbillclient/style.css HTTP/1.1" 200 2613 "http://localhost:8888/newbillclient/billpay.html" "Mozilla/5.0 (iPhone Simulator; U; CPU iPhone OS 4_3_2 like Mac OS X; en-us) AppleWebKit/533.17.9 (KHTML, like Gecko) Version/5.0.2 Mobile/8H7 Safari/6533.18.5"
0:0:0:0:0:0:0:1%0 -  -  [10/Aug/2012:20:28:01 +0000] "GET /newbillclient/billpay.html HTTP/1.1" 200 5907 "-" "Mozilla/5.0 (iPhone Simulator; U; CPU iPhone OS 4_3_2 like Mac OS X; en-us) AppleWebKit/533.17.9 (KHTML, like Gecko) Version/5.0.2 Mobile/8H7 Safari/6533.18.5"
0:0:0:0:0:0:0:1%0 -  -  [10/Aug/2012:20:28:01 +0000] "GET /newbillclient/style.css HTTP/1.1" 200 2613 "http://localhost:8888/newbillclient/billpay.html" "Mozilla/5.0 (iPhone Simulator; U; CPU iPhone OS 4_3_2 like Mac OS X; en-us) AppleWebKit/533.17.9 (KHTML, like Gecko) Version/5.0.2 Mobile/8H7 Safari/6533.18.5"
0:0:0:0:0:0:0:1%0 -  -  [10/Aug/2012:20:28:07 +0000] "GET /newbillclient/billpay.html HTTP/1.1" 200 5907 "-" "Mozilla/5.0 (iPhone Simulator; U; CPU iPhone OS 4_3_2 like Mac OS X; en-us) AppleWebKit/533.17.9 (KHTML, like Gecko) Version/5.0.2 Mobile/8H7 Safari/6533.18.5"
0:0:0:0:0:0:0:1%0 -  -  [10/Aug/2012:20:28:07 +0000] "GET /newbillclient/style.css HTTP/1.1" 200 2613 "http://localhost:8888/newbillclient/billpay.html" "Mozilla/5.0 (iPhone Simulator; U; CPU iPhone OS 4_3_2 like Mac OS X; en-us) AppleWebKit/533.17.9 (KHTML, like Gecko) Version/5.0.2 Mobile/8H7 Safari/6533.18.5"
0:0:0:0:0:0:0:1%0 -  -  [10/Aug/2012:20:28:19 +0000] "GET /newbillclient/billpay.html HTTP/1.1" 200 5907 "-" "Mozilla/5.0 (iPhone Simulator; U; CPU iPhone OS 4_3_2 like Mac OS X; en-us) AppleWebKit/533.17.9 (KHTML, like Gecko) Version/5.0.2 Mobile/8H7 Safari/6533.18.5"
0:0:0:0:0:0:0:1%0 -  -  [10/Aug/2012:20:28:19 +0000] "GET /newbillclient/style.css HTTP/1.1" 200 2613 "http://localhost:8888/newbillclient/billpay.html" "Mozilla/5.0 (iPhone Simulator; U; CPU iPhone OS 4_3_2 like Mac OS X; en-us) AppleWebKit/533.17.9 (KHTML, like Gecko) Version/5.0.2 Mobile/8H7 Safari/6533.18.5"
0:0:0:0:0:0:0:1%0 -  -  [10/Aug/2012:20:28:45 +0000] "GET /newbillclient/billpay.html HTTP/1.1" 200 5907 "-" "Mozilla/5.0 (iPhone Simulator; U; CPU iPhone OS 4_3_2 like Mac OS X; en-us) AppleWebKit/533.17.9 (KHTML, like Gecko) Version/5.0.2 Mobile/8H7 Safari/6533.18.5"
0:0:0:0:0:0:0:1%0 -  -  [10/Aug/2012:20:28:45 +0000] "GET /newbillclient/style.css HTTP/1.1" 200 2687 "http://localhost:8888/newbillclient/billpay.html" "Mozilla/5.0 (iPhone Simulator; U; CPU iPhone OS 4_3_2 like Mac OS X; en-us) AppleWebKit/533.17.9 (KHTML, like Gecko) Version/5.0.2 Mobile/8H7 Safari/6533.18.5"
0:0:0:0:0:0:0:1%0 -  -  [10/Aug/2012:20:29:06 +0000] "GET /newbillclient/billpay.html HTTP/1.1" 200 5907 "-" "Mozilla/5.0 (iPhone Simulator; U; CPU iPhone OS 4_3_2 like Mac OS X; en-us) AppleWebKit/533.17.9 (KHTML, like Gecko) Version/5.0.2 Mobile/8H7 Safari/6533.18.5"
0:0:0:0:0:0:0:1%0 -  -  [10/Aug/2012:20:29:06 +0000] "GET /newbillclient/style.css HTTP/1.1" 200 2762 "http://localhost:8888/newbillclient/billpay.html" "Mozilla/5.0 (iPhone Simulator; U; CPU iPhone OS 4_3_2 like Mac OS X; en-us) AppleWebKit/533.17.9 (KHTML, like Gecko) Version/5.0.2 Mobile/8H7 Safari/6533.18.5"
0:0:0:0:0:0:0:1%0 -  -  [10/Aug/2012:20:29:22 +0000] "GET /newbillclient/billpay.html HTTP/1.1" 200 5907 "-" "Mozilla/5.0 (iPhone Simulator; U; CPU iPhone OS 4_3_2 like Mac OS X; en-us) AppleWebKit/533.17.9 (KHTML, like Gecko) Version/5.0.2 Mobile/8H7 Safari/6533.18.5"
0:0:0:0:0:0:0:1%0 -  -  [10/Aug/2012:20:29:22 +0000] "GET /newbillclient/style.css HTTP/1.1" 200 2746 "http://localhost:8888/newbillclient/billpay.html" "Mozilla/5.0 (iPhone Simulator; U; CPU iPhone OS 4_3_2 like Mac OS X; en-us) AppleWebKit/533.17.9 (KHTML, like Gecko) Version/5.0.2 Mobile/8H7 Safari/6533.18.5"
0:0:0:0:0:0:0:1%0 -  -  [10/Aug/2012:20:29:32 +0000] "GET /newbillclient/billpay.html HTTP/1.1" 200 5907 "-" "Mozilla/5.0 (iPhone Simulator; U; CPU iPhone OS 4_3_2 like Mac OS X; en-us) AppleWebKit/533.17.9 (KHTML, like Gecko) Version/5.0.2 Mobile/8H7 Safari/6533.18.5"
0:0:0:0:0:0:0:1%0 -  -  [10/Aug/2012:20:29:32 +0000] "GET /newbillclient/style.css HTTP/1.1" 200 2746 "http://localhost:8888/newbillclient/billpay.html" "Mozilla/5.0 (iPhone Simulator; U; CPU iPhone OS 4_3_2 like Mac OS X; en-us) AppleWebKit/533.17.9 (KHTML, like Gecko) Version/5.0.2 Mobile/8H7 Safari/6533.18.5"
0:0:0:0:0:0:0:1%0 -  -  [10/Aug/2012:20:30:49 +0000] "GET /newbillclient/billpay.html HTTP/1.1" 200 5907 "-" "Mozilla/5.0 (iPhone Simulator; U; CPU iPhone OS 4_3_2 like Mac OS X; en-us) AppleWebKit/533.17.9 (KHTML, like Gecko) Version/5.0.2 Mobile/8H7 Safari/6533.18.5"
0:0:0:0:0:0:0:1%0 -  -  [10/Aug/2012:20:30:49 +0000] "GET /newbillclient/style.css HTTP/1.1" 200 2642 "http://localhost:8888/newbillclient/billpay.html" "Mozilla/5.0 (iPhone Simulator; U; CPU iPhone OS 4_3_2 like Mac OS X; en-us) AppleWebKit/533.17.9 (KHTML, like Gecko) Version/5.0.2 Mobile/8H7 Safari/6533.18.5"
0:0:0:0:0:0:0:1%0 -  -  [10/Aug/2012:20:31:05 +0000] "GET /newbillclient/billpay.html HTTP/1.1" 200 5907 "-" "Mozilla/5.0 (iPhone Simulator; U; CPU iPhone OS 4_3_2 like Mac OS X; en-us) AppleWebKit/533.17.9 (KHTML, like Gecko) Version/5.0.2 Mobile/8H7 Safari/6533.18.5"
0:0:0:0:0:0:0:1%0 -  -  [10/Aug/2012:20:31:05 +0000] "GET /newbillclient/style.css HTTP/1.1" 200 2476 "http://localhost:8888/newbillclient/billpay.html" "Mozilla/5.0 (iPhone Simulator; U; CPU iPhone OS 4_3_2 like Mac OS X; en-us) AppleWebKit/533.17.9 (KHTML, like Gecko) Version/5.0.2 Mobile/8H7 Safari/6533.18.5"
0:0:0:0:0:0:0:1%0 -  -  [10/Aug/2012:20:31:21 +0000] "GET /newbillclient/billpay.html HTTP/1.1" 200 5907 "-" "Mozilla/5.0 (iPhone Simulator; U; CPU iPhone OS 4_3_2 like Mac OS X; en-us) AppleWebKit/533.17.9 (KHTML, like Gecko) Version/5.0.2 Mobile/8H7 Safari/6533.18.5"
0:0:0:0:0:0:0:1%0 -  -  [10/Aug/2012:20:31:21 +0000] "GET /newbillclient/style.css HTTP/1.1" 304 0 "http://localhost:8888/newbillclient/billpay.html" "Mozilla/5.0 (iPhone Simulator; U; CPU iPhone OS 4_3_2 like Mac OS X; en-us) AppleWebKit/533.17.9 (KHTML, like Gecko) Version/5.0.2 Mobile/8H7 Safari/6533.18.5"
0:0:0:0:0:0:0:1%0 -  -  [10/Aug/2012:20:31:35 +0000] "GET /newbillclient/billpay.html HTTP/1.1" 200 5907 "-" "Mozilla/5.0 (iPhone Simulator; U; CPU iPhone OS 4_3_2 like Mac OS X; en-us) AppleWebKit/533.17.9 (KHTML, like Gecko) Version/5.0.2 Mobile/8H7 Safari/6533.18.5"
0:0:0:0:0:0:0:1%0 -  -  [10/Aug/2012:20:31:35 +0000] "GET /newbillclient/style.css HTTP/1.1" 200 2642 "http://localhost:8888/newbillclient/billpay.html" "Mozilla/5.0 (iPhone Simulator; U; CPU iPhone OS 4_3_2 like Mac OS X; en-us) AppleWebKit/533.17.9 (KHTML, like Gecko) Version/5.0.2 Mobile/8H7 Safari/6533.18.5"
0:0:0:0:0:0:0:1%0 -  -  [10/Aug/2012:20:31:52 +0000] "GET /newbillclient/billpay.html HTTP/1.1" 200 5907 "-" "Mozilla/5.0 (iPhone Simulator; U; CPU iPhone OS 4_3_2 like Mac OS X; en-us) AppleWebKit/533.17.9 (KHTML, like Gecko) Version/5.0.2 Mobile/8H7 Safari/6533.18.5"
0:0:0:0:0:0:0:1%0 -  -  [10/Aug/2012:20:31:52 +0000] "GET /newbillclient/style.css HTTP/1.1" 200 2627 "http://localhost:8888/newbillclient/billpay.html" "Mozilla/5.0 (iPhone Simulator; U; CPU iPhone OS 4_3_2 like Mac OS X; en-us) AppleWebKit/533.17.9 (KHTML, like Gecko) Version/5.0.2 Mobile/8H7 Safari/6533.18.5"
0:0:0:0:0:0:0:1%0 -  -  [10/Aug/2012:20:32:12 +0000] "GET /newbillclient/billpay.html HTTP/1.1" 200 5907 "-" "Mozilla/5.0 (iPhone Simulator; U; CPU iPhone OS 4_3_2 like Mac OS X; en-us) AppleWebKit/533.17.9 (KHTML, like Gecko) Version/5.0.2 Mobile/8H7 Safari/6533.18.5"
0:0:0:0:0:0:0:1%0 -  -  [10/Aug/2012:20:32:12 +0000] "GET /newbillclient/style.css HTTP/1.1" 304 0 "http://localhost:8888/newbillclient/billpay.html" "Mozilla/5.0 (iPhone Simulator; U; CPU iPhone OS 4_3_2 like Mac OS X; en-us) AppleWebKit/533.17.9 (KHTML, like Gecko) Version/5.0.2 Mobile/8H7 Safari/6533.18.5"
0:0:0:0:0:0:0:1%0 -  -  [10/Aug/2012:20:32:38 +0000] "GET /newbillclient/billpay.html HTTP/1.1" 200 5907 "-" "Mozilla/5.0 (iPhone Simulator; U; CPU iPhone OS 4_3_2 like Mac OS X; en-us) AppleWebKit/533.17.9 (KHTML, like Gecko) Version/5.0.2 Mobile/8H7 Safari/6533.18.5"
0:0:0:0:0:0:0:1%0 -  -  [10/Aug/2012:20:32:38 +0000] "GET /newbillclient/style.css HTTP/1.1" 200 2639 "http://localhost:8888/newbillclient/billpay.html" "Mozilla/5.0 (iPhone Simulator; U; CPU iPhone OS 4_3_2 like Mac OS X; en-us) AppleWebKit/533.17.9 (KHTML, like Gecko) Version/5.0.2 Mobile/8H7 Safari/6533.18.5"
0:0:0:0:0:0:0:1%0 -  -  [10/Aug/2012:20:34:09 +0000] "GET /newbillclient/billpay.html HTTP/1.1" 200 5930 "-" "Mozilla/5.0 (Macintosh; Intel Mac OS X 10_7_4) AppleWebKit/536.11 (KHTML, like Gecko) Chrome/20.0.1132.57 Safari/536.11"
0:0:0:0:0:0:0:1%0 -  -  [10/Aug/2012:20:34:09 +0000] "GET /newbillclient/style.css HTTP/1.1" 200 2639 "http://localhost:8888/newbillclient/billpay.html" "Mozilla/5.0 (Macintosh; Intel Mac OS X 10_7_4) AppleWebKit/536.11 (KHTML, like Gecko) Chrome/20.0.1132.57 Safari/536.11"
0:0:0:0:0:0:0:1%0 -  -  [10/Aug/2012:20:34:09 +0000] "GET /favicon.ico HTTP/1.1" 200 1150 "-" "Mozilla/5.0 (Macintosh; Intel Mac OS X 10_7_4) AppleWebKit/536.11 (KHTML, like Gecko) Chrome/20.0.1132.57 Safari/536.11"
0:0:0:0:0:0:0:1%0 -  -  [10/Aug/2012:20:34:47 +0000] "GET /newbillclient/billpay.html HTTP/1.1" 200 5930 "-" "Mozilla/5.0 (iPhone Simulator; U; CPU iPhone OS 4_3_2 like Mac OS X; en-us) AppleWebKit/533.17.9 (KHTML, like Gecko) Version/5.0.2 Mobile/8H7 Safari/6533.18.5"
0:0:0:0:0:0:0:1%0 -  -  [10/Aug/2012:20:34:47 +0000] "GET /newbillclient/style.css HTTP/1.1" 200 2793 "http://localhost:8888/newbillclient/billpay.html" "Mozilla/5.0 (iPhone Simulator; U; CPU iPhone OS 4_3_2 like Mac OS X; en-us) AppleWebKit/533.17.9 (KHTML, like Gecko) Version/5.0.2 Mobile/8H7 Safari/6533.18.5"
0:0:0:0:0:0:0:1%0 -  -  [10/Aug/2012:20:35:38 +0000] "GET /newbillclient/billpay.html HTTP/1.1" 200 5930 "-" "Mozilla/5.0 (iPhone Simulator; U; CPU iPhone OS 4_3_2 like Mac OS X; en-us) AppleWebKit/533.17.9 (KHTML, like Gecko) Version/5.0.2 Mobile/8H7 Safari/6533.18.5"
0:0:0:0:0:0:0:1%0 -  -  [10/Aug/2012:20:35:38 +0000] "GET /newbillclient/style.css HTTP/1.1" 200 2824 "http://localhost:8888/newbillclient/billpay.html" "Mozilla/5.0 (iPhone Simulator; U; CPU iPhone OS 4_3_2 like Mac OS X; en-us) AppleWebKit/533.17.9 (KHTML, like Gecko) Version/5.0.2 Mobile/8H7 Safari/6533.18.5"
0:0:0:0:0:0:0:1%0 -  -  [10/Aug/2012:20:35:46 +0000] "GET /newbillclient/billpay.html HTTP/1.1" 304 0 "-" "Mozilla/5.0 (Macintosh; Intel Mac OS X 10_7_4) AppleWebKit/536.11 (KHTML, like Gecko) Chrome/20.0.1132.57 Safari/536.11"
0:0:0:0:0:0:0:1%0 -  -  [10/Aug/2012:20:35:47 +0000] "GET /newbillclient/style.css HTTP/1.1" 200 2824 "http://localhost:8888/newbillclient/billpay.html" "Mozilla/5.0 (Macintosh; Intel Mac OS X 10_7_4) AppleWebKit/536.11 (KHTML, like Gecko) Chrome/20.0.1132.57 Safari/536.11"
0:0:0:0:0:0:0:1%0 -  -  [10/Aug/2012:20:35:47 +0000] "GET /favicon.ico HTTP/1.1" 304 0 "-" "Mozilla/5.0 (Macintosh; Intel Mac OS X 10_7_4) AppleWebKit/536.11 (KHTML, like Gecko) Chrome/20.0.1132.57 Safari/536.11"
0:0:0:0:0:0:0:1%0 -  -  [10/Aug/2012:20:35:48 +0000] "GET /newbillclient/billpay.html HTTP/1.1" 304 0 "-" "Mozilla/5.0 (Macintosh; Intel Mac OS X 10_7_4) AppleWebKit/536.11 (KHTML, like Gecko) Chrome/20.0.1132.57 Safari/536.11"
0:0:0:0:0:0:0:1%0 -  -  [10/Aug/2012:20:35:48 +0000] "GET /newbillclient/style.css HTTP/1.1" 304 0 "http://localhost:8888/newbillclient/billpay.html" "Mozilla/5.0 (Macintosh; Intel Mac OS X 10_7_4) AppleWebKit/536.11 (KHTML, like Gecko) Chrome/20.0.1132.57 Safari/536.11"
0:0:0:0:0:0:0:1%0 -  -  [10/Aug/2012:20:35:57 +0000] "GET /newbillclient/billpay.html HTTP/1.1" 304 0 "-" "Mozilla/5.0 (Macintosh; Intel Mac OS X 10_7_4) AppleWebKit/536.11 (KHTML, like Gecko) Chrome/20.0.1132.57 Safari/536.11"
0:0:0:0:0:0:0:1%0 -  -  [10/Aug/2012:20:35:57 +0000] "GET /newbillclient/style.css HTTP/1.1" 200 2798 "http://localhost:8888/newbillclient/billpay.html" "Mozilla/5.0 (Macintosh; Intel Mac OS X 10_7_4) AppleWebKit/536.11 (KHTML, like Gecko) Chrome/20.0.1132.57 Safari/536.11"
0:0:0:0:0:0:0:1%0 -  -  [10/Aug/2012:20:36:09 +0000] "GET /newbillclient/billpay.html HTTP/1.1" 304 0 "-" "Mozilla/5.0 (Macintosh; Intel Mac OS X 10_7_4) AppleWebKit/536.11 (KHTML, like Gecko) Chrome/20.0.1132.57 Safari/536.11"
0:0:0:0:0:0:0:1%0 -  -  [10/Aug/2012:20:36:09 +0000] "GET /newbillclient/style.css HTTP/1.1" 200 2797 "http://localhost:8888/newbillclient/billpay.html" "Mozilla/5.0 (Macintosh; Intel Mac OS X 10_7_4) AppleWebKit/536.11 (KHTML, like Gecko) Chrome/20.0.1132.57 Safari/536.11"
0:0:0:0:0:0:0:1%0 -  -  [10/Aug/2012:20:36:15 +0000] "GET /newbillclient/billpay.html HTTP/1.1" 304 0 "-" "Mozilla/5.0 (Macintosh; Intel Mac OS X 10_7_4) AppleWebKit/536.11 (KHTML, like Gecko) Chrome/20.0.1132.57 Safari/536.11"
0:0:0:0:0:0:0:1%0 -  -  [10/Aug/2012:20:36:15 +0000] "GET /newbillclient/style.css HTTP/1.1" 200 2823 "http://localhost:8888/newbillclient/billpay.html" "Mozilla/5.0 (Macintosh; Intel Mac OS X 10_7_4) AppleWebKit/536.11 (KHTML, like Gecko) Chrome/20.0.1132.57 Safari/536.11"
0:0:0:0:0:0:0:1%0 -  -  [10/Aug/2012:20:36:21 +0000] "GET /newbillclient/billpay.html HTTP/1.1" 200 5930 "-" "Mozilla/5.0 (iPhone Simulator; U; CPU iPhone OS 4_3_2 like Mac OS X; en-us) AppleWebKit/533.17.9 (KHTML, like Gecko) Version/5.0.2 Mobile/8H7 Safari/6533.18.5"
0:0:0:0:0:0:0:1%0 -  -  [10/Aug/2012:20:36:21 +0000] "GET /newbillclient/style.css HTTP/1.1" 200 2823 "http://localhost:8888/newbillclient/billpay.html" "Mozilla/5.0 (iPhone Simulator; U; CPU iPhone OS 4_3_2 like Mac OS X; en-us) AppleWebKit/533.17.9 (KHTML, like Gecko) Version/5.0.2 Mobile/8H7 Safari/6533.18.5"
0:0:0:0:0:0:0:1%0 -  -  [10/Aug/2012:20:37:03 +0000] "GET /newbillclient/billpay.html HTTP/1.1" 200 5930 "-" "Mozilla/5.0 (iPhone Simulator; U; CPU iPhone OS 4_3_2 like Mac OS X; en-us) AppleWebKit/533.17.9 (KHTML, like Gecko) Version/5.0.2 Mobile/8H7 Safari/6533.18.5"
0:0:0:0:0:0:0:1%0 -  -  [10/Aug/2012:20:37:03 +0000] "GET /newbillclient/style.css HTTP/1.1" 200 2791 "http://localhost:8888/newbillclient/billpay.html" "Mozilla/5.0 (iPhone Simulator; U; CPU iPhone OS 4_3_2 like Mac OS X; en-us) AppleWebKit/533.17.9 (KHTML, like Gecko) Version/5.0.2 Mobile/8H7 Safari/6533.18.5"
0:0:0:0:0:0:0:1%0 -  -  [10/Aug/2012:20:37:15 +0000] "GET /newbillclient/billpay.html HTTP/1.1" 200 5930 "-" "Mozilla/5.0 (iPhone Simulator; U; CPU iPhone OS 4_3_2 like Mac OS X; en-us) AppleWebKit/533.17.9 (KHTML, like Gecko) Version/5.0.2 Mobile/8H7 Safari/6533.18.5"
0:0:0:0:0:0:0:1%0 -  -  [10/Aug/2012:20:37:15 +0000] "GET /newbillclient/style.css HTTP/1.1" 200 2791 "http://localhost:8888/newbillclient/billpay.html" "Mozilla/5.0 (iPhone Simulator; U; CPU iPhone OS 4_3_2 like Mac OS X; en-us) AppleWebKit/533.17.9 (KHTML, like Gecko) Version/5.0.2 Mobile/8H7 Safari/6533.18.5"
0:0:0:0:0:0:0:1%0 -  -  [10/Aug/2012:20:37:31 +0000] "GET /newbillclient/billpay.html HTTP/1.1" 200 5930 "-" "Mozilla/5.0 (iPhone Simulator; U; CPU iPhone OS 4_3_2 like Mac OS X; en-us) AppleWebKit/533.17.9 (KHTML, like Gecko) Version/5.0.2 Mobile/8H7 Safari/6533.18.5"
0:0:0:0:0:0:0:1%0 -  -  [10/Aug/2012:20:37:31 +0000] "GET /newbillclient/style.css HTTP/1.1" 200 2804 "http://localhost:8888/newbillclient/billpay.html" "Mozilla/5.0 (iPhone Simulator; U; CPU iPhone OS 4_3_2 like Mac OS X; en-us) AppleWebKit/533.17.9 (KHTML, like Gecko) Version/5.0.2 Mobile/8H7 Safari/6533.18.5"
0:0:0:0:0:0:0:1%0 -  -  [10/Aug/2012:20:37:41 +0000] "GET /newbillclient/billpay.html HTTP/1.1" 200 5930 "-" "Mozilla/5.0 (iPhone Simulator; U; CPU iPhone OS 4_3_2 like Mac OS X; en-us) AppleWebKit/533.17.9 (KHTML, like Gecko) Version/5.0.2 Mobile/8H7 Safari/6533.18.5"
0:0:0:0:0:0:0:1%0 -  -  [10/Aug/2012:20:37:41 +0000] "GET /newbillclient/style.css HTTP/1.1" 200 2791 "http://localhost:8888/newbillclient/billpay.html" "Mozilla/5.0 (iPhone Simulator; U; CPU iPhone OS 4_3_2 like Mac OS X; en-us) AppleWebKit/533.17.9 (KHTML, like Gecko) Version/5.0.2 Mobile/8H7 Safari/6533.18.5"
0:0:0:0:0:0:0:1%0 -  -  [10/Aug/2012:20:38:02 +0000] "GET /newbillclient/billpay.html HTTP/1.1" 200 5930 "-" "Mozilla/5.0 (iPhone Simulator; U; CPU iPhone OS 4_3_2 like Mac OS X; en-us) AppleWebKit/533.17.9 (KHTML, like Gecko) Version/5.0.2 Mobile/8H7 Safari/6533.18.5"
0:0:0:0:0:0:0:1%0 -  -  [10/Aug/2012:20:38:02 +0000] "GET /newbillclient/style.css HTTP/1.1" 200 2805 "http://localhost:8888/newbillclient/billpay.html" "Mozilla/5.0 (iPhone Simulator; U; CPU iPhone OS 4_3_2 like Mac OS X; en-us) AppleWebKit/533.17.9 (KHTML, like Gecko) Version/5.0.2 Mobile/8H7 Safari/6533.18.5"
0:0:0:0:0:0:0:1%0 -  -  [10/Aug/2012:20:38:12 +0000] "GET /newbillclient/billpay.html HTTP/1.1" 200 5930 "-" "Mozilla/5.0 (iPhone Simulator; U; CPU iPhone OS 4_3_2 like Mac OS X; en-us) AppleWebKit/533.17.9 (KHTML, like Gecko) Version/5.0.2 Mobile/8H7 Safari/6533.18.5"
0:0:0:0:0:0:0:1%0 -  -  [10/Aug/2012:20:38:12 +0000] "GET /newbillclient/style.css HTTP/1.1" 200 2804 "http://localhost:8888/newbillclient/billpay.html" "Mozilla/5.0 (iPhone Simulator; U; CPU iPhone OS 4_3_2 like Mac OS X; en-us) AppleWebKit/533.17.9 (KHTML, like Gecko) Version/5.0.2 Mobile/8H7 Safari/6533.18.5"
0:0:0:0:0:0:0:1%0 -  -  [10/Aug/2012:20:39:01 +0000] "GET /newbillclient/billpay.html HTTP/1.1" 200 5930 "-" "Mozilla/5.0 (iPhone Simulator; U; CPU iPhone OS 4_3_2 like Mac OS X; en-us) AppleWebKit/533.17.9 (KHTML, like Gecko) Version/5.0.2 Mobile/8H7 Safari/6533.18.5"
0:0:0:0:0:0:0:1%0 -  -  [10/Aug/2012:20:39:01 +0000] "GET /newbillclient/style.css HTTP/1.1" 200 2816 "http://localhost:8888/newbillclient/billpay.html" "Mozilla/5.0 (iPhone Simulator; U; CPU iPhone OS 4_3_2 like Mac OS X; en-us) AppleWebKit/533.17.9 (KHTML, like Gecko) Version/5.0.2 Mobile/8H7 Safari/6533.18.5"
0:0:0:0:0:0:0:1%0 -  -  [10/Aug/2012:20:39:12 +0000] "GET /newbillclient/billpay.html HTTP/1.1" 200 5930 "-" "Mozilla/5.0 (iPhone Simulator; U; CPU iPhone OS 4_3_2 like Mac OS X; en-us) AppleWebKit/533.17.9 (KHTML, like Gecko) Version/5.0.2 Mobile/8H7 Safari/6533.18.5"
0:0:0:0:0:0:0:1%0 -  -  [10/Aug/2012:20:39:12 +0000] "GET /newbillclient/style.css HTTP/1.1" 200 2816 "http://localhost:8888/newbillclient/billpay.html" "Mozilla/5.0 (iPhone Simulator; U; CPU iPhone OS 4_3_2 like Mac OS X; en-us) AppleWebKit/533.17.9 (KHTML, like Gecko) Version/5.0.2 Mobile/8H7 Safari/6533.18.5"
0:0:0:0:0:0:0:1%0 -  -  [10/Aug/2012:20:39:26 +0000] "GET /newbillclient/billpay.html HTTP/1.1" 200 5930 "-" "Mozilla/5.0 (iPhone Simulator; U; CPU iPhone OS 4_3_2 like Mac OS X; en-us) AppleWebKit/533.17.9 (KHTML, like Gecko) Version/5.0.2 Mobile/8H7 Safari/6533.18.5"
0:0:0:0:0:0:0:1%0 -  -  [10/Aug/2012:20:39:26 +0000] "GET /newbillclient/style.css HTTP/1.1" 200 2818 "http://localhost:8888/newbillclient/billpay.html" "Mozilla/5.0 (iPhone Simulator; U; CPU iPhone OS 4_3_2 like Mac OS X; en-us) AppleWebKit/533.17.9 (KHTML, like Gecko) Version/5.0.2 Mobile/8H7 Safari/6533.18.5"
0:0:0:0:0:0:0:1%0 -  -  [10/Aug/2012:20:39:37 +0000] "GET /newbillclient/billpay.html HTTP/1.1" 200 5930 "-" "Mozilla/5.0 (iPhone Simulator; U; CPU iPhone OS 4_3_2 like Mac OS X; en-us) AppleWebKit/533.17.9 (KHTML, like Gecko) Version/5.0.2 Mobile/8H7 Safari/6533.18.5"
0:0:0:0:0:0:0:1%0 -  -  [10/Aug/2012:20:39:37 +0000] "GET /newbillclient/style.css HTTP/1.1" 200 2818 "http://localhost:8888/newbillclient/billpay.html" "Mozilla/5.0 (iPhone Simulator; U; CPU iPhone OS 4_3_2 like Mac OS X; en-us) AppleWebKit/533.17.9 (KHTML, like Gecko) Version/5.0.2 Mobile/8H7 Safari/6533.18.5"
0:0:0:0:0:0:0:1%0 -  -  [10/Aug/2012:20:39:47 +0000] "GET /newbillclient/billpay.html HTTP/1.1" 200 5930 "-" "Mozilla/5.0 (iPhone Simulator; U; CPU iPhone OS 4_3_2 like Mac OS X; en-us) AppleWebKit/533.17.9 (KHTML, like Gecko) Version/5.0.2 Mobile/8H7 Safari/6533.18.5"
0:0:0:0:0:0:0:1%0 -  -  [10/Aug/2012:20:39:47 +0000] "GET /newbillclient/style.css HTTP/1.1" 200 2818 "http://localhost:8888/newbillclient/billpay.html" "Mozilla/5.0 (iPhone Simulator; U; CPU iPhone OS 4_3_2 like Mac OS X; en-us) AppleWebKit/533.17.9 (KHTML, like Gecko) Version/5.0.2 Mobile/8H7 Safari/6533.18.5"
0:0:0:0:0:0:0:1%0 -  -  [10/Aug/2012:20:40:01 +0000] "GET /newbillclient/billpay.html HTTP/1.1" 200 5930 "-" "Mozilla/5.0 (iPhone Simulator; U; CPU iPhone OS 4_3_2 like Mac OS X; en-us) AppleWebKit/533.17.9 (KHTML, like Gecko) Version/5.0.2 Mobile/8H7 Safari/6533.18.5"
0:0:0:0:0:0:0:1%0 -  -  [10/Aug/2012:20:40:01 +0000] "GET /newbillclient/style.css HTTP/1.1" 200 2818 "http://localhost:8888/newbillclient/billpay.html" "Mozilla/5.0 (iPhone Simulator; U; CPU iPhone OS 4_3_2 like Mac OS X; en-us) AppleWebKit/533.17.9 (KHTML, like Gecko) Version/5.0.2 Mobile/8H7 Safari/6533.18.5"
0:0:0:0:0:0:0:1%0 -  -  [10/Aug/2012:20:40:22 +0000] "GET /newbillclient/billpay.html HTTP/1.1" 200 5930 "-" "Mozilla/5.0 (iPhone Simulator; U; CPU iPhone OS 4_3_2 like Mac OS X; en-us) AppleWebKit/533.17.9 (KHTML, like Gecko) Version/5.0.2 Mobile/8H7 Safari/6533.18.5"
0:0:0:0:0:0:0:1%0 -  -  [10/Aug/2012:20:40:22 +0000] "GET /newbillclient/style.css HTTP/1.1" 200 2831 "http://localhost:8888/newbillclient/billpay.html" "Mozilla/5.0 (iPhone Simulator; U; CPU iPhone OS 4_3_2 like Mac OS X; en-us) AppleWebKit/533.17.9 (KHTML, like Gecko) Version/5.0.2 Mobile/8H7 Safari/6533.18.5"
0:0:0:0:0:0:0:1%0 -  -  [10/Aug/2012:20:41:02 +0000] "GET /newbillclient/billpay.html HTTP/1.1" 200 5930 "-" "Mozilla/5.0 (iPhone Simulator; U; CPU iPhone OS 4_3_2 like Mac OS X; en-us) AppleWebKit/533.17.9 (KHTML, like Gecko) Version/5.0.2 Mobile/8H7 Safari/6533.18.5"
0:0:0:0:0:0:0:1%0 -  -  [10/Aug/2012:20:41:02 +0000] "GET /newbillclient/style.css HTTP/1.1" 200 2831 "http://localhost:8888/newbillclient/billpay.html" "Mozilla/5.0 (iPhone Simulator; U; CPU iPhone OS 4_3_2 like Mac OS X; en-us) AppleWebKit/533.17.9 (KHTML, like Gecko) Version/5.0.2 Mobile/8H7 Safari/6533.18.5"
0:0:0:0:0:0:0:1%0 -  -  [10/Aug/2012:20:41:15 +0000] "GET /newbillclient/billpay.html HTTP/1.1" 200 5930 "-" "Mozilla/5.0 (iPhone Simulator; U; CPU iPhone OS 4_3_2 like Mac OS X; en-us) AppleWebKit/533.17.9 (KHTML, like Gecko) Version/5.0.2 Mobile/8H7 Safari/6533.18.5"
0:0:0:0:0:0:0:1%0 -  -  [10/Aug/2012:20:41:15 +0000] "GET /newbillclient/style.css HTTP/1.1" 200 2831 "http://localhost:8888/newbillclient/billpay.html" "Mozilla/5.0 (iPhone Simulator; U; CPU iPhone OS 4_3_2 like Mac OS X; en-us) AppleWebKit/533.17.9 (KHTML, like Gecko) Version/5.0.2 Mobile/8H7 Safari/6533.18.5"
0:0:0:0:0:0:0:1%0 -  -  [10/Aug/2012:20:41:26 +0000] "GET /newbillclient/billpay.html HTTP/1.1" 200 5930 "-" "Mozilla/5.0 (iPhone Simulator; U; CPU iPhone OS 4_3_2 like Mac OS X; en-us) AppleWebKit/533.17.9 (KHTML, like Gecko) Version/5.0.2 Mobile/8H7 Safari/6533.18.5"
0:0:0:0:0:0:0:1%0 -  -  [10/Aug/2012:20:41:26 +0000] "GET /newbillclient/style.css HTTP/1.1" 200 2805 "http://localhost:8888/newbillclient/billpay.html" "Mozilla/5.0 (iPhone Simulator; U; CPU iPhone OS 4_3_2 like Mac OS X; en-us) AppleWebKit/533.17.9 (KHTML, like Gecko) Version/5.0.2 Mobile/8H7 Safari/6533.18.5"
0:0:0:0:0:0:0:1%0 -  -  [10/Aug/2012:20:41:44 +0000] "GET /newbillclient/billpay.html HTTP/1.1" 200 5930 "-" "Mozilla/5.0 (iPhone Simulator; U; CPU iPhone OS 4_3_2 like Mac OS X; en-us) AppleWebKit/533.17.9 (KHTML, like Gecko) Version/5.0.2 Mobile/8H7 Safari/6533.18.5"
0:0:0:0:0:0:0:1%0 -  -  [10/Aug/2012:20:41:44 +0000] "GET /newbillclient/style.css HTTP/1.1" 200 2803 "http://localhost:8888/newbillclient/billpay.html" "Mozilla/5.0 (iPhone Simulator; U; CPU iPhone OS 4_3_2 like Mac OS X; en-us) AppleWebKit/533.17.9 (KHTML, like Gecko) Version/5.0.2 Mobile/8H7 Safari/6533.18.5"
0:0:0:0:0:0:0:1%0 -  -  [10/Aug/2012:20:41:59 +0000] "GET /newbillclient/billpay.html HTTP/1.1" 200 5930 "-" "Mozilla/5.0 (iPhone Simulator; U; CPU iPhone OS 4_3_2 like Mac OS X; en-us) AppleWebKit/533.17.9 (KHTML, like Gecko) Version/5.0.2 Mobile/8H7 Safari/6533.18.5"
0:0:0:0:0:0:0:1%0 -  -  [10/Aug/2012:20:41:59 +0000] "GET /newbillclient/style.css HTTP/1.1" 200 2803 "http://localhost:8888/newbillclient/billpay.html" "Mozilla/5.0 (iPhone Simulator; U; CPU iPhone OS 4_3_2 like Mac OS X; en-us) AppleWebKit/533.17.9 (KHTML, like Gecko) Version/5.0.2 Mobile/8H7 Safari/6533.18.5"
0:0:0:0:0:0:0:1%0 -  -  [10/Aug/2012:20:42:15 +0000] "GET /newbillclient/billpay.html HTTP/1.1" 200 5930 "-" "Mozilla/5.0 (iPhone Simulator; U; CPU iPhone OS 4_3_2 like Mac OS X; en-us) AppleWebKit/533.17.9 (KHTML, like Gecko) Version/5.0.2 Mobile/8H7 Safari/6533.18.5"
0:0:0:0:0:0:0:1%0 -  -  [10/Aug/2012:20:42:15 +0000] "GET /newbillclient/style.css HTTP/1.1" 200 2815 "http://localhost:8888/newbillclient/billpay.html" "Mozilla/5.0 (iPhone Simulator; U; CPU iPhone OS 4_3_2 like Mac OS X; en-us) AppleWebKit/533.17.9 (KHTML, like Gecko) Version/5.0.2 Mobile/8H7 Safari/6533.18.5"
0:0:0:0:0:0:0:1%0 -  -  [10/Aug/2012:20:43:47 +0000] "GET /newbillclient/billpay.html HTTP/1.1" 200 5930 "-" "Mozilla/5.0 (iPhone Simulator; U; CPU iPhone OS 4_3_2 like Mac OS X; en-us) AppleWebKit/533.17.9 (KHTML, like Gecko) Version/5.0.2 Mobile/8H7 Safari/6533.18.5"
0:0:0:0:0:0:0:1%0 -  -  [10/Aug/2012:20:43:47 +0000] "GET /newbillclient/style.css HTTP/1.1" 304 0 "http://localhost:8888/newbillclient/billpay.html" "Mozilla/5.0 (iPhone Simulator; U; CPU iPhone OS 4_3_2 like Mac OS X; en-us) AppleWebKit/533.17.9 (KHTML, like Gecko) Version/5.0.2 Mobile/8H7 Safari/6533.18.5"
0:0:0:0:0:0:0:1%0 -  -  [10/Aug/2012:20:44:09 +0000] "GET /newbillclient/billpay.html HTTP/1.1" 200 5930 "-" "Mozilla/5.0 (iPhone Simulator; U; CPU iPhone OS 4_3_2 like Mac OS X; en-us) AppleWebKit/533.17.9 (KHTML, like Gecko) Version/5.0.2 Mobile/8H7 Safari/6533.18.5"
0:0:0:0:0:0:0:1%0 -  -  [10/Aug/2012:20:44:09 +0000] "GET /newbillclient/style.css HTTP/1.1" 200 2828 "http://localhost:8888/newbillclient/billpay.html" "Mozilla/5.0 (iPhone Simulator; U; CPU iPhone OS 4_3_2 like Mac OS X; en-us) AppleWebKit/533.17.9 (KHTML, like Gecko) Version/5.0.2 Mobile/8H7 Safari/6533.18.5"
0:0:0:0:0:0:0:1%0 -  -  [10/Aug/2012:20:45:22 +0000] "GET /newbillclient/billpay.html HTTP/1.1" 200 5930 "-" "Mozilla/5.0 (iPhone Simulator; U; CPU iPhone OS 4_3_2 like Mac OS X; en-us) AppleWebKit/533.17.9 (KHTML, like Gecko) Version/5.0.2 Mobile/8H7 Safari/6533.18.5"
0:0:0:0:0:0:0:1%0 -  -  [10/Aug/2012:20:45:22 +0000] "GET /newbillclient/style.css HTTP/1.1" 200 2834 "http://localhost:8888/newbillclient/billpay.html" "Mozilla/5.0 (iPhone Simulator; U; CPU iPhone OS 4_3_2 like Mac OS X; en-us) AppleWebKit/533.17.9 (KHTML, like Gecko) Version/5.0.2 Mobile/8H7 Safari/6533.18.5"
0:0:0:0:0:0:0:1%0 -  -  [10/Aug/2012:20:45:58 +0000] "GET /newbillclient/billpay.html HTTP/1.1" 200 5930 "-" "Mozilla/5.0 (iPhone Simulator; U; CPU iPhone OS 4_3_2 like Mac OS X; en-us) AppleWebKit/533.17.9 (KHTML, like Gecko) Version/5.0.2 Mobile/8H7 Safari/6533.18.5"
0:0:0:0:0:0:0:1%0 -  -  [10/Aug/2012:20:45:58 +0000] "GET /newbillclient/style.css HTTP/1.1" 200 2831 "http://localhost:8888/newbillclient/billpay.html" "Mozilla/5.0 (iPhone Simulator; U; CPU iPhone OS 4_3_2 like Mac OS X; en-us) AppleWebKit/533.17.9 (KHTML, like Gecko) Version/5.0.2 Mobile/8H7 Safari/6533.18.5"
0:0:0:0:0:0:0:1%0 -  -  [10/Aug/2012:20:46:25 +0000] "GET /newbillclient/billpay.html HTTP/1.1" 200 5930 "-" "Mozilla/5.0 (iPhone Simulator; U; CPU iPhone OS 4_3_2 like Mac OS X; en-us) AppleWebKit/533.17.9 (KHTML, like Gecko) Version/5.0.2 Mobile/8H7 Safari/6533.18.5"
0:0:0:0:0:0:0:1%0 -  -  [10/Aug/2012:20:46:26 +0000] "GET /newbillclient/style.css HTTP/1.1" 200 2847 "http://localhost:8888/newbillclient/billpay.html" "Mozilla/5.0 (iPhone Simulator; U; CPU iPhone OS 4_3_2 like Mac OS X; en-us) AppleWebKit/533.17.9 (KHTML, like Gecko) Version/5.0.2 Mobile/8H7 Safari/6533.18.5"
0:0:0:0:0:0:0:1%0 -  -  [10/Aug/2012:20:46:34 +0000] "GET /newbillclient/billpay.html HTTP/1.1" 304 0 "-" "Mozilla/5.0 (Macintosh; Intel Mac OS X 10_7_4) AppleWebKit/536.11 (KHTML, like Gecko) Chrome/20.0.1132.57 Safari/536.11"
0:0:0:0:0:0:0:1%0 -  -  [10/Aug/2012:20:46:34 +0000] "GET /newbillclient/style.css HTTP/1.1" 200 2847 "http://localhost:8888/newbillclient/billpay.html" "Mozilla/5.0 (Macintosh; Intel Mac OS X 10_7_4) AppleWebKit/536.11 (KHTML, like Gecko) Chrome/20.0.1132.57 Safari/536.11"
0:0:0:0:0:0:0:1%0 -  -  [10/Aug/2012:20:46:34 +0000] "GET /favicon.ico HTTP/1.1" 304 0 "-" "Mozilla/5.0 (Macintosh; Intel Mac OS X 10_7_4) AppleWebKit/536.11 (KHTML, like Gecko) Chrome/20.0.1132.57 Safari/536.11"
0:0:0:0:0:0:0:1%0 -  -  [10/Aug/2012:20:46:53 +0000] "GET /newbillclient/billpay.html HTTP/1.1" 200 5930 "-" "Mozilla/5.0 (iPhone Simulator; U; CPU iPhone OS 4_3_2 like Mac OS X; en-us) AppleWebKit/533.17.9 (KHTML, like Gecko) Version/5.0.2 Mobile/8H7 Safari/6533.18.5"
0:0:0:0:0:0:0:1%0 -  -  [10/Aug/2012:20:46:53 +0000] "GET /newbillclient/style.css HTTP/1.1" 200 2835 "http://localhost:8888/newbillclient/billpay.html" "Mozilla/5.0 (iPhone Simulator; U; CPU iPhone OS 4_3_2 like Mac OS X; en-us) AppleWebKit/533.17.9 (KHTML, like Gecko) Version/5.0.2 Mobile/8H7 Safari/6533.18.5"
0:0:0:0:0:0:0:1%0 -  -  [10/Aug/2012:20:47:08 +0000] "GET /newbillclient/billpay.html HTTP/1.1" 200 5930 "-" "Mozilla/5.0 (iPhone Simulator; U; CPU iPhone OS 4_3_2 like Mac OS X; en-us) AppleWebKit/533.17.9 (KHTML, like Gecko) Version/5.0.2 Mobile/8H7 Safari/6533.18.5"
0:0:0:0:0:0:0:1%0 -  -  [10/Aug/2012:20:47:08 +0000] "GET /newbillclient/style.css HTTP/1.1" 200 2834 "http://localhost:8888/newbillclient/billpay.html" "Mozilla/5.0 (iPhone Simulator; U; CPU iPhone OS 4_3_2 like Mac OS X; en-us) AppleWebKit/533.17.9 (KHTML, like Gecko) Version/5.0.2 Mobile/8H7 Safari/6533.18.5"
0:0:0:0:0:0:0:1%0 -  -  [10/Aug/2012:20:47:21 +0000] "GET /newbillclient/billpay.html HTTP/1.1" 200 5930 "-" "Mozilla/5.0 (iPhone Simulator; U; CPU iPhone OS 4_3_2 like Mac OS X; en-us) AppleWebKit/533.17.9 (KHTML, like Gecko) Version/5.0.2 Mobile/8H7 Safari/6533.18.5"
0:0:0:0:0:0:0:1%0 -  -  [10/Aug/2012:20:47:21 +0000] "GET /newbillclient/style.css HTTP/1.1" 200 2834 "http://localhost:8888/newbillclient/billpay.html" "Mozilla/5.0 (iPhone Simulator; U; CPU iPhone OS 4_3_2 like Mac OS X; en-us) AppleWebKit/533.17.9 (KHTML, like Gecko) Version/5.0.2 Mobile/8H7 Safari/6533.18.5"
0:0:0:0:0:0:0:1%0 -  -  [10/Aug/2012:20:47:50 +0000] "GET /newbillclient/billpay.html HTTP/1.1" 200 5930 "-" "Mozilla/5.0 (iPhone Simulator; U; CPU iPhone OS 4_3_2 like Mac OS X; en-us) AppleWebKit/533.17.9 (KHTML, like Gecko) Version/5.0.2 Mobile/8H7 Safari/6533.18.5"
0:0:0:0:0:0:0:1%0 -  -  [10/Aug/2012:20:47:50 +0000] "GET /newbillclient/style.css HTTP/1.1" 304 0 "http://localhost:8888/newbillclient/billpay.html" "Mozilla/5.0 (iPhone Simulator; U; CPU iPhone OS 4_3_2 like Mac OS X; en-us) AppleWebKit/533.17.9 (KHTML, like Gecko) Version/5.0.2 Mobile/8H7 Safari/6533.18.5"
